<?xml version="1.0" encoding="UTF-8"?>
<testsuite xmlns:xsi="http://www.w3.org/2001/XMLSchema-instance" xsi:noNamespaceSchemaLocation="https://maven.apache.org/surefire/maven-surefire-plugin/xsd/surefire-test-report-3.0.xsd" version="3.0" name="io.github.yasmramos.tailwindfx.TwBatchTest" time="2.115" tests="8" errors="0" skipped="0" failures="0">
  <properties>
[...]
</properties>
  <testcase name="shouldMaintainExecutionOrderInBatchOnFXThread" classname="io.github.yasmramos.tailwindfx.TwBatchTest" time="0.354"/>
  <testcase name="shouldHandleNestedBatchOperationsOnFXThread" classname="io.github.yasmramos.tailwindfx.TwBatchTest" time="0.31"/>
  <testcase name="shouldExecuteBatchOperationOnFXThread" classname="io.github.yasmramos.tailwindfx.TwBatchTest" time="0.282"/>
  <testcase name="shouldExecuteAsyncBatchOperation" classname="io.github.yasmramos.tailwindfx.TwBatchTest" time="0.218"/>
  <testcase name="shouldHandleConcurrentAsyncBatches" classname="io.github.yasmramos.tailwindfx.TwBatchTest" time="0.227"/>
  <testcase name="shouldPropagateExceptionsFromBatchOperationsOnFXThread" classname="io.github.yasmramos.tailwindfx.TwBatchTest" time="0.212">
    <system-err><![CDATA[--- Exception in Async Thread ---
java.lang.RuntimeException: Test exception
	io.github.yasmramos.tailwindfx.TwBatchTest.lambda$shouldPropagateExceptionsFromBatchOperationsOnFXThread$12(TwBatchTest.java:166)
	io.github.yasmramos.tailwindfx.style.StylePerf.batch(StylePerf.java:169)
	io.github.yasmramos.tailwindfx.TwBatch.run(TwBatch.java:23)
	io.github.yasmramos.tailwindfx.TwBatchTest.lambda$shouldPropagateExceptionsFromBatchOperationsOnFXThread$13(TwBatchTest.java:164)
	java.base/java.util.concurrent.Executors$RunnableAdapter.call(Executors.java:539)
	java.base/java.util.concurrent.FutureTask.run(FutureTask.java:264)
	com.sun.javafx.application.PlatformImpl.lambda$runLater$10(PlatformImpl.java:457)
	java.base/java.security.AccessController.doPrivileged(AccessController.java:399)
	com.sun.javafx.application.PlatformImpl.lambda$runLater$11(PlatformImpl.java:456)
	com.sun.glass.ui.monocle.RunnableProcessor.runLoop(RunnableProcessor.java:92)
	com.sun.glass.ui.monocle.RunnableProcessor.run(RunnableProcessor.java:51)
	java.base/java.lang.Thread.run(Thread.java:840)
--- Trace of caller of unhandled exception in Async Thread ---
	java.base/java.lang.Thread.getStackTrace(Thread.java:1619)
	org.testfx.util.WaitForAsyncUtils$ASyncFXCallable.<init>(WaitForAsyncUtils.java:645)
	org.testfx.util.WaitForAsyncUtils.asyncFx(WaitForAsyncUtils.java:235)
	org.testfx.api.FxRobot.interact(FxRobot.java:416)
	io.github.yasmramos.tailwindfx.TwBatchTest.lambda$shouldPropagateExceptionsFromBatchOperationsOnFXThread$14(TwBatchTest.java:162)
	org.junit.jupiter.api.AssertThrows.assertThrows(AssertThrows.java:53)
	org.junit.jupiter.api.AssertThrows.assertThrows(AssertThrows.java:39)
	org.junit.jupiter.api.Assertions.assertThrows(Assertions.java:3131)
	io.github.yasmramos.tailwindfx.TwBatchTest.shouldPropagateExceptionsFromBatchOperationsOnFXThread(TwBatchTest.java:159)
	java.base/jdk.internal.reflect.NativeMethodAccessorImpl.invoke0(Native Method)
	java.base/jdk.internal.reflect.NativeMethodAccessorImpl.invoke(NativeMethodAccessorImpl.java:77)
	java.base/jdk.internal.reflect.DelegatingMethodAccessorImpl.invoke(DelegatingMethodAccessorImpl.java:43)
	java.base/java.lang.reflect.Method.invoke(Method.java:569)
	org.junit.platform.commons.util.ReflectionUtils.invokeMethod(ReflectionUtils.java:728)
	org.junit.jupiter.engine.execution.MethodInvocation.proceed(MethodInvocation.java:60)
	org.junit.jupiter.engine.execution.InvocationInterceptorChain$ValidatingInvocation.proceed(InvocationInterceptorChain.java:131)
	org.junit.jupiter.engine.extension.TimeoutExtension.intercept(TimeoutExtension.java:156)
	org.junit.jupiter.engine.extension.TimeoutExtension.interceptTestableMethod(TimeoutExtension.java:147)
	org.junit.jupiter.engine.extension.TimeoutExtension.interceptTestMethod(TimeoutExtension.java:86)
	org.junit.jupiter.engine.execution.InterceptingExecutableInvoker$ReflectiveInterceptorCall.lambda$ofVoidMethod$0(InterceptingExecutableInvoker.java:103)
	org.junit.jupiter.engine.execution.InterceptingExecutableInvoker.lambda$invoke$0(InterceptingExecutableInvoker.java:93)
	org.junit.jupiter.engine.execution.InvocationInterceptorChain$InterceptedInvocation.proceed(InvocationInterceptorChain.java:106)
	org.junit.jupiter.engine.execution.InvocationInterceptorChain.proceed(InvocationInterceptorChain.java:64)
	org.junit.jupiter.engine.execution.InvocationInterceptorChain.chainAndInvoke(InvocationInterceptorChain.java:45)
	org.junit.jupiter.engine.execution.InvocationInterceptorChain.invoke(InvocationInterceptorChain.java:37)
	org.junit.jupiter.engine.execution.InterceptingExecutableInvoker.invoke(InterceptingExecutableInvoker.java:92)
	org.junit.jupiter.engine.execution.InterceptingExecutableInvoker.invoke(InterceptingExecutableInvoker.java:86)
	org.junit.jupiter.engine.descriptor.TestMethodTestDescriptor.lambda$invokeTestMethod$7(TestMethodTestDescriptor.java:218)
	org.junit.platform.engine.support.hierarchical.ThrowableCollector.execute(ThrowableCollector.java:73)
	org.junit.jupiter.engine.descriptor.TestMethodTestDescriptor.invokeTestMethod(TestMethodTestDescriptor.java:214)
	org.junit.jupiter.engine.descriptor.TestMethodTestDescriptor.execute(TestMethodTestDescriptor.java:139)
	org.junit.jupiter.engine.descriptor.TestMethodTestDescriptor.execute(TestMethodTestDescriptor.java:69)
	org.junit.platform.engine.support.hierarchical.NodeTestTask.lambda$executeRecursively$6(NodeTestTask.java:151)
	org.junit.platform.engine.support.hierarchical.ThrowableCollector.execute(ThrowableCollector.java:73)
	org.junit.platform.engine.support.hierarchical.NodeTestTask.lambda$executeRecursively$8(NodeTestTask.java:141)
	org.junit.platform.engine.support.hierarchical.Node.around(Node.java:137)
	org.junit.platform.engine.support.hierarchical.NodeTestTask.lambda$executeRecursively$9(NodeTestTask.java:139)
	org.junit.platform.engine.support.hierarchical.ThrowableCollector.execute(ThrowableCollector.java:73)
	org.junit.platform.engine.support.hierarchical.NodeTestTask.executeRecursively(NodeTestTask.java:138)
	org.junit.platform.engine.support.hierarchical.NodeTestTask.execute(NodeTestTask.java:95)
	java.base/java.util.ArrayList.forEach(ArrayList.java:1511)
	org.junit.platform.engine.support.hierarchical.SameThreadHierarchicalTestExecutorService.invokeAll(SameThreadHierarchicalTestExecutorService.java:41)
	org.junit.platform.engine.support.hierarchical.NodeTestTask.lambda$executeRecursively$6(NodeTestTask.java:155)
	org.junit.platform.engine.support.hierarchical.ThrowableCollector.execute(ThrowableCollector.java:73)
	org.junit.platform.engine.support.hierarchical.NodeTestTask.lambda$executeRecursively$8(NodeTestTask.java:141)
	org.junit.platform.engine.support.hierarchical.Node.around(Node.java:137)
	org.junit.platform.engine.support.hierarchical.NodeTestTask.lambda$executeRecursively$9(NodeTestTask.java:139)
	org.junit.platform.engine.support.hierarchical.ThrowableCollector.execute(ThrowableCollector.java:73)
	org.junit.platform.engine.support.hierarchical.NodeTestTask.executeRecursively(NodeTestTask.java:138)
	org.junit.platform.engine.support.hierarchical.NodeTestTask.execute(NodeTestTask.java:95)
	java.base/java.util.ArrayList.forEach(ArrayList.java:1511)
	org.junit.platform.engine.support.hierarchical.SameThreadHierarchicalTestExecutorService.invokeAll(SameThreadHierarchicalTestExecutorService.java:41)
	org.junit.platform.engine.support.hierarchical.NodeTestTask.lambda$executeRecursively$6(NodeTestTask.java:155)
	org.junit.platform.engine.support.hierarchical.ThrowableCollector.execute(ThrowableCollector.java:73)
	org.junit.platform.engine.support.hierarchical.NodeTestTask.lambda$executeRecursively$8(NodeTestTask.java:141)
	org.junit.platform.engine.support.hierarchical.Node.around(Node.java:137)
	org.junit.platform.engine.support.hierarchical.NodeTestTask.lambda$executeRecursively$9(NodeTestTask.java:139)
	org.junit.platform.engine.support.hierarchical.ThrowableCollector.execute(ThrowableCollector.java:73)
	org.junit.platform.engine.support.hierarchical.NodeTestTask.executeRecursively(NodeTestTask.java:138)
	org.junit.platform.engine.support.hierarchical.NodeTestTask.execute(NodeTestTask.java:95)
	org.junit.platform.engine.support.hierarchical.SameThreadHierarchicalTestExecutorService.submit(SameThreadHierarchicalTestExecutorService.java:35)
	org.junit.platform.engine.support.hierarchical.HierarchicalTestExecutor.execute(HierarchicalTestExecutor.java:57)
	org.junit.platform.engine.support.hierarchical.HierarchicalTestEngine.execute(HierarchicalTestEngine.java:54)
	org.junit.platform.launcher.core.EngineExecutionOrchestrator.execute(EngineExecutionOrchestrator.java:198)
	org.junit.platform.launcher.core.EngineExecutionOrchestrator.execute(EngineExecutionOrchestrator.java:169)
	org.junit.platform.launcher.core.EngineExecutionOrchestrator.execute(EngineExecutionOrchestrator.java:93)
	org.junit.platform.launcher.core.EngineExecutionOrchestrator.lambda$execute$0(EngineExecutionOrchestrator.java:58)
	org.junit.platform.launcher.core.EngineExecutionOrchestrator.withInterceptedStreams(EngineExecutionOrchestrator.java:141)
	org.junit.platform.launcher.core.EngineExecutionOrchestrator.execute(EngineExecutionOrchestrator.java:57)
	org.junit.platform.launcher.core.DefaultLauncher.execute(DefaultLauncher.java:103)
	org.junit.platform.launcher.core.DefaultLauncher.execute(DefaultLauncher.java:85)
	org.junit.platform.launcher.core.DelegatingLauncher.execute(DelegatingLauncher.java:47)
	org.apache.maven.surefire.junitplatform.LazyLauncher.execute(LazyLauncher.java:56)
	org.apache.maven.surefire.junitplatform.JUnitPlatformProvider.execute(JUnitPlatformProvider.java:184)
	org.apache.maven.surefire.junitplatform.JUnitPlatformProvider.invokeAllTests(JUnitPlatformProvider.java:148)
	org.apache.maven.surefire.junitplatform.JUnitPlatformProvider.invoke(JUnitPlatformProvider.java:122)
	org.apache.maven.surefire.booter.ForkedBooter.runSuitesInProcess(ForkedBooter.java:385)
	org.apache.maven.surefire.booter.ForkedBooter.execute(ForkedBooter.java:162)
	org.apache.maven.surefire.booter.ForkedBooter.run(ForkedBooter.java:507)
	org.apache.maven.surefire.booter.ForkedBooter.main(ForkedBooter.java:495)

]]></system-err>
  </testcase>
  <testcase name="shouldHandleAsyncBatchWithException" classname="io.github.yasmramos.tailwindfx.TwBatchTest" time="0.22"/>
  <testcase name="shouldExecuteMultipleOperationsInBatchOnFXThread" classname="io.github.yasmramos.tailwindfx.TwBatchTest" time="0.288"/>
</testsuite>