<?xml version="1.0" encoding="UTF-8"?>
<testsuite xmlns:xsi="http://www.w3.org/2001/XMLSchema-instance" xsi:noNamespaceSchemaLocation="https://maven.apache.org/surefire/maven-surefire-plugin/xsd/surefire-test-report-3.0.xsd" version="3.0" name="io.github.yasmramos.tailwindfx.components.TwDataTableTest$Filtering" time="0.639" tests="3" errors="0" skipped="0" failures="0">
  <properties>
[...]
</properties>
  <testcase name="testFilteredSize" classname="io.github.yasmramos.tailwindfx.components.TwDataTableTest$Filtering" time="0.223"/>
  <testcase name="testSetFilter" classname="io.github.yasmramos.tailwindfx.components.TwDataTableTest$Filtering" time="0.207"/>
  <testcase name="testClearFilter" classname="io.github.yasmramos.tailwindfx.components.TwDataTableTest$Filtering" time="0.208"/>
</testsuite>