<?xml version="1.0" encoding="UTF-8" standalone="yes"?><!DOCTYPE report PUBLIC "-//JACOCO//DTD Report 1.1//EN" "report.dtd"><report name="TailwindFX Base"><sessioninfo id="c-6a5fc4b8-0136ab35-86afbb4816eb-e9518611" start="1784666100098" dump="1784666240297"/><sessioninfo id="c-6a5fc4b8-0136ab35-86afbb4816eb-cc2beb12" start="1784666258877" dump="1784666271416"/><sessioninfo id="c-6a5fc4b8-0136ab35-86afbb4816eb-ce036b00" start="1784666317479" dump="1784666329198"/><sessioninfo id="c-6a5fc4b8-0136ab35-86afbb4816eb-4180e19b" start="1784666346439" dump="1784666455997"/><sessioninfo id="c-6a5fc4b8-0136ab35-86afbb4816eb-7c25a814" start="1784666636134" dump="1784666658215"/><sessioninfo id="c-6a5fc4b8-0136ab35-86afbb4816eb-b0c27609" start="1784666715955" dump="1784666738815"/><sessioninfo id="c-6a5fc4b8-0136ab35-86afbb4816eb-2b55f421" start="1784666769216" dump="1784666792657"/><sessioninfo id="c-6a5fc4b8-0136ab35-86afbb4816eb-f085ed37" start="1784666811276" dump="1784666834955"/><sessioninfo id="c-6a5fc4b8-0136ab35-86afbb4816eb-e512195c" start="1784666852354" dump="1784666994516"/><sessioninfo id="c-6a5fc4b8-0136ab35-86afbb4816eb-52c65c95" start="1784667019680" dump="1784667165796"/><sessioninfo id="c-6a5ff6d6-0136ab35-ea4685f9c630-1eb4603d" start="1784674318158" dump="1784674327759"/><sessioninfo id="c-6a5ff6d6-0136ab35-ea4685f9c630-cce1db4b" start="1784674379598" dump="1784674391237"/><sessioninfo id="c-6a5ff6d6-0136ab35-ea4685f9c630-15ab6335" start="1784674412759" dump="1784674422903"/><sessioninfo id="c-6a5ff6d6-0136ab35-ea4685f9c630-90671e8d" start="1784674438601" dump="1784674453480"/><sessioninfo id="c-6a5ff6d6-0136ab35-ea4685f9c630-11f488f4" start="1784674516422" dump="1784674526282"/><sessioninfo id="c-6a5ff6d6-0136ab35-ea4685f9c630-d3267e7f" start="1784674543479" dump="1784674559798"/><package name="io/github/yasmramos/tailwindfx/animation"><class name="io/github/yasmramos/tailwindfx/animation/TwAnimation$AnimationRegistry" sourcefilename="TwAnimation.java"><method name="play" desc="(Ljavafx/scene/Node;Ljava/lang/String;Ljavafx/animation/Animation;)V" line="1275"><counter type="INSTRUCTION" missed="0" covered="19"/><counter type="LINE" missed="0" covered="6"/><counter type="COMPLEXITY" missed="0" covered="1"/><counter type="METHOD" missed="0" covered="1"/></method><method name="isActive" desc="(Ljavafx/scene/Node;Ljava/lang/String;)Z" line="1290"><counter type="INSTRUCTION" missed="0" covered="5"/><counter type="LINE" missed="0" covered="1"/><counter type="COMPLEXITY" missed="0" covered="1"/><counter type="METHOD" missed="0" covered="1"/></method><method name="installSceneListener" desc="(Ljavafx/scene/Node;)V" line="1304"><counter type="INSTRUCTION" missed="0" covered="22"/><counter type="BRANCH" missed="0" covered="2"/><counter type="LINE" missed="0" covered="6"/><counter type="COMPLEXITY" missed="0" covered="2"/><counter type="METHOD" missed="0" covered="1"/></method><method name="cancel" desc="(Ljavafx/scene/Node;Ljava/lang/String;)V" line="1324"><counter type="INSTRUCTION" missed="0" covered="16"/><counter type="BRANCH" missed="0" covered="2"/><counter type="LINE" missed="0" covered="5"/><counter type="COMPLEXITY" missed="0" covered="2"/><counter type="METHOD" missed="0" covered="1"/></method><method name="cancelAll" desc="(Ljavafx/scene/Node;)V" line="1337"><counter type="INSTRUCTION" missed="0" covered="9"/><counter type="LINE" missed="0" covered="3"/><counter type="COMPLEXITY" missed="0" covered="1"/><counter type="METHOD" missed="0" covered="1"/></method><method name="getSlots" desc="(Ljavafx/scene/Node;)Ljava/util/Map;" line="1349"><counter type="INSTRUCTION" missed="0" covered="7"/><counter type="LINE" missed="0" covered="3"/><counter type="COMPLEXITY" missed="0" covered="1"/><counter type="METHOD" missed="0" covered="1"/></method><method name="lambda$getSlots$2" desc="(Ljava/lang/Object;)Ljava/lang/Object;" line="1351"><counter type="INSTRUCTION" missed="0" covered="4"/><counter type="LINE" missed="0" covered="1"/><counter type="COMPLEXITY" missed="0" covered="1"/><counter type="METHOD" missed="0" covered="1"/></method><method name="lambda$installSceneListener$1" desc="(Ljavafx/scene/Node;Ljavafx/beans/value/ObservableValue;Ljavafx/scene/Scene;Ljavafx/scene/Scene;)V" line="1309"><counter type="INSTRUCTION" missed="5" covered="0"/><counter type="BRANCH" missed="2" covered="0"/><counter type="LINE" missed="3" covered="0"/><counter type="COMPLEXITY" missed="2" covered="0"/><counter type="METHOD" missed="1" covered="0"/></method><method name="lambda$play$0" desc="(Ljavafx/scene/Node;Ljava/lang/String;Ljavafx/event/ActionEvent;)V" line="1277"><counter type="INSTRUCTION" missed="6" covered="0"/><counter type="LINE" missed="1" covered="0"/><counter type="COMPLEXITY" missed="1" covered="0"/><counter type="METHOD" missed="1" covered="0"/></method><counter type="INSTRUCTION" missed="11" covered="82"/><counter type="BRANCH" missed="2" covered="4"/><counter type="LINE" missed="3" covered="24"/><counter type="COMPLEXITY" missed="3" covered="9"/><counter type="METHOD" missed="2" covered="7"/><counter type="CLASS" missed="0" covered="1"/></class><class name="io/github/yasmramos/tailwindfx/animation/TwAnimation" sourcefilename="TwAnimation.java"><method name="&lt;init&gt;" desc="(Ljavafx/animation/Animation;)V" line="36"><counter type="INSTRUCTION" missed="0" covered="9"/><counter type="LINE" missed="0" covered="4"/><counter type="COMPLEXITY" missed="0" covered="1"/><counter type="METHOD" missed="0" covered="1"/></method><method name="fadeIn" desc="(Ljavafx/scene/Node;)Lio/github/yasmramos/tailwindfx/animation/TwAnimation;" line="57"><counter type="INSTRUCTION" missed="4" covered="0"/><counter type="LINE" missed="1" covered="0"/><counter type="COMPLEXITY" missed="1" covered="0"/><counter type="METHOD" missed="1" covered="0"/></method><method name="fadeIn" desc="(Ljavafx/scene/Node;I)Lio/github/yasmramos/tailwindfx/animation/TwAnimation;" line="68"><counter type="INSTRUCTION" missed="0" covered="5"/><counter type="LINE" missed="0" covered="1"/><counter type="COMPLEXITY" missed="0" covered="1"/><counter type="METHOD" missed="0" covered="1"/></method><method name="fadeIn" desc="(Ljavafx/scene/Node;ILjavafx/animation/Interpolator;)Lio/github/yasmramos/tailwindfx/animation/TwAnimation;" line="91"><counter type="INSTRUCTION" missed="0" covered="75"/><counter type="LINE" missed="0" covered="9"/><counter type="COMPLEXITY" missed="0" covered="1"/><counter type="METHOD" missed="0" covered="1"/></method><method name="slideUp" desc="(Ljavafx/scene/Node;)Lio/github/yasmramos/tailwindfx/animation/TwAnimation;" line="117"><counter type="INSTRUCTION" missed="0" covered="4"/><counter type="LINE" missed="0" covered="1"/><counter type="COMPLEXITY" missed="0" covered="1"/><counter type="METHOD" missed="0" covered="1"/></method><method name="slideUp" desc="(Ljavafx/scene/Node;I)Lio/github/yasmramos/tailwindfx/animation/TwAnimation;" line="134"><counter type="INSTRUCTION" missed="0" covered="86"/><counter type="LINE" missed="0" covered="10"/><counter type="COMPLEXITY" missed="0" covered="1"/><counter type="METHOD" missed="0" covered="1"/></method><method name="slideDown" desc="(Ljavafx/scene/Node;)Lio/github/yasmramos/tailwindfx/animation/TwAnimation;" line="162"><counter type="INSTRUCTION" missed="4" covered="0"/><counter type="LINE" missed="1" covered="0"/><counter type="COMPLEXITY" missed="1" covered="0"/><counter type="METHOD" missed="1" covered="0"/></method><method name="slideDown" desc="(Ljavafx/scene/Node;I)Lio/github/yasmramos/tailwindfx/animation/TwAnimation;" line="179"><counter type="INSTRUCTION" missed="86" covered="0"/><counter type="LINE" missed="10" covered="0"/><counter type="COMPLEXITY" missed="1" covered="0"/><counter type="METHOD" missed="1" covered="0"/></method><method name="slideRight" desc="(Ljavafx/scene/Node;)Lio/github/yasmramos/tailwindfx/animation/TwAnimation;" line="207"><counter type="INSTRUCTION" missed="4" covered="0"/><counter type="LINE" missed="1" covered="0"/><counter type="COMPLEXITY" missed="1" covered="0"/><counter type="METHOD" missed="1" covered="0"/></method><method name="slideRight" desc="(Ljavafx/scene/Node;I)Lio/github/yasmramos/tailwindfx/animation/TwAnimation;" line="223"><counter type="INSTRUCTION" missed="89" covered="0"/><counter type="LINE" missed="10" covered="0"/><counter type="COMPLEXITY" missed="1" covered="0"/><counter type="METHOD" missed="1" covered="0"/></method><method name="slideLeft" desc="(Ljavafx/scene/Node;)Lio/github/yasmramos/tailwindfx/animation/TwAnimation;" line="252"><counter type="INSTRUCTION" missed="4" covered="0"/><counter type="LINE" missed="1" covered="0"/><counter type="COMPLEXITY" missed="1" covered="0"/><counter type="METHOD" missed="1" covered="0"/></method><method name="slideInLeft" desc="(Ljavafx/scene/Node;I)Lio/github/yasmramos/tailwindfx/animation/TwAnimation;" line="267"><counter type="INSTRUCTION" missed="84" covered="0"/><counter type="LINE" missed="9" covered="0"/><counter type="COMPLEXITY" missed="1" covered="0"/><counter type="METHOD" missed="1" covered="0"/></method><method name="slideInRight" desc="(Ljavafx/scene/Node;I)Lio/github/yasmramos/tailwindfx/animation/TwAnimation;" line="294"><counter type="INSTRUCTION" missed="83" covered="0"/><counter type="LINE" missed="9" covered="0"/><counter type="COMPLEXITY" missed="1" covered="0"/><counter type="METHOD" missed="1" covered="0"/></method><method name="slideInBottom" desc="(Ljavafx/scene/Node;I)Lio/github/yasmramos/tailwindfx/animation/TwAnimation;" line="321"><counter type="INSTRUCTION" missed="83" covered="0"/><counter type="LINE" missed="9" covered="0"/><counter type="COMPLEXITY" missed="1" covered="0"/><counter type="METHOD" missed="1" covered="0"/></method><method name="slideInTop" desc="(Ljavafx/scene/Node;I)Lio/github/yasmramos/tailwindfx/animation/TwAnimation;" line="348"><counter type="INSTRUCTION" missed="84" covered="0"/><counter type="LINE" missed="9" covered="0"/><counter type="COMPLEXITY" missed="1" covered="0"/><counter type="METHOD" missed="1" covered="0"/></method><method name="scaleIn" desc="(Ljavafx/scene/Node;)Lio/github/yasmramos/tailwindfx/animation/TwAnimation;" line="376"><counter type="INSTRUCTION" missed="0" covered="4"/><counter type="LINE" missed="0" covered="1"/><counter type="COMPLEXITY" missed="0" covered="1"/><counter type="METHOD" missed="0" covered="1"/></method><method name="scaleIn" desc="(Ljavafx/scene/Node;I)Lio/github/yasmramos/tailwindfx/animation/TwAnimation;" line="393"><counter type="INSTRUCTION" missed="0" covered="5"/><counter type="LINE" missed="0" covered="1"/><counter type="COMPLEXITY" missed="0" covered="1"/><counter type="METHOD" missed="0" covered="1"/></method><method name="scaleIn" desc="(Ljavafx/scene/Node;ILjavafx/animation/Interpolator;)Lio/github/yasmramos/tailwindfx/animation/TwAnimation;" line="411"><counter type="INSTRUCTION" missed="0" covered="118"/><counter type="LINE" missed="0" covered="15"/><counter type="COMPLEXITY" missed="0" covered="1"/><counter type="METHOD" missed="0" covered="1"/></method><method name="fadeOut" desc="(Ljavafx/scene/Node;)Lio/github/yasmramos/tailwindfx/animation/TwAnimation;" line="446"><counter type="INSTRUCTION" missed="4" covered="0"/><counter type="LINE" missed="1" covered="0"/><counter type="COMPLEXITY" missed="1" covered="0"/><counter type="METHOD" missed="1" covered="0"/></method><method name="fadeOut" desc="(Ljavafx/scene/Node;I)Lio/github/yasmramos/tailwindfx/animation/TwAnimation;" line="463"><counter type="INSTRUCTION" missed="0" covered="62"/><counter type="LINE" missed="0" covered="7"/><counter type="COMPLEXITY" missed="0" covered="1"/><counter type="METHOD" missed="0" covered="1"/></method><method name="scaleOut" desc="(Ljavafx/scene/Node;)Lio/github/yasmramos/tailwindfx/animation/TwAnimation;" line="486"><counter type="INSTRUCTION" missed="4" covered="0"/><counter type="LINE" missed="1" covered="0"/><counter type="COMPLEXITY" missed="1" covered="0"/><counter type="METHOD" missed="1" covered="0"/></method><method name="scaleOut" desc="(Ljavafx/scene/Node;I)Lio/github/yasmramos/tailwindfx/animation/TwAnimation;" line="502"><counter type="INSTRUCTION" missed="95" covered="0"/><counter type="LINE" missed="8" covered="0"/><counter type="COMPLEXITY" missed="1" covered="0"/><counter type="METHOD" missed="1" covered="0"/></method><method name="pulse" desc="(Ljavafx/scene/Node;)Lio/github/yasmramos/tailwindfx/animation/TwAnimation;" line="530"><counter type="INSTRUCTION" missed="0" covered="74"/><counter type="LINE" missed="0" covered="7"/><counter type="COMPLEXITY" missed="0" covered="1"/><counter type="METHOD" missed="0" covered="1"/></method><method name="shake" desc="(Ljavafx/scene/Node;)Lio/github/yasmramos/tailwindfx/animation/TwAnimation;" line="548"><counter type="INSTRUCTION" missed="0" covered="171"/><counter type="LINE" missed="0" covered="16"/><counter type="COMPLEXITY" missed="0" covered="1"/><counter type="METHOD" missed="0" covered="1"/></method><method name="bounce" desc="(Ljavafx/scene/Node;)Lio/github/yasmramos/tailwindfx/animation/TwAnimation;" line="584"><counter type="INSTRUCTION" missed="0" covered="163"/><counter type="LINE" missed="0" covered="15"/><counter type="COMPLEXITY" missed="0" covered="1"/><counter type="METHOD" missed="0" covered="1"/></method><method name="flash" desc="(Ljavafx/scene/Node;)Lio/github/yasmramos/tailwindfx/animation/TwAnimation;" line="619"><counter type="INSTRUCTION" missed="110" covered="0"/><counter type="LINE" missed="7" covered="0"/><counter type="COMPLEXITY" missed="1" covered="0"/><counter type="METHOD" missed="1" covered="0"/></method><method name="spin" desc="(Ljavafx/scene/Node;)Lio/github/yasmramos/tailwindfx/animation/TwAnimation;" line="643"><counter type="INSTRUCTION" missed="0" covered="4"/><counter type="LINE" missed="0" covered="1"/><counter type="COMPLEXITY" missed="0" covered="1"/><counter type="METHOD" missed="0" covered="1"/></method><method name="spin" desc="(Ljavafx/scene/Node;I)Lio/github/yasmramos/tailwindfx/animation/TwAnimation;" line="659"><counter type="INSTRUCTION" missed="0" covered="63"/><counter type="LINE" missed="0" covered="8"/><counter type="COMPLEXITY" missed="0" covered="1"/><counter type="METHOD" missed="0" covered="1"/></method><method name="breathe" desc="(Ljavafx/scene/Node;)Lio/github/yasmramos/tailwindfx/animation/TwAnimation;" line="683"><counter type="INSTRUCTION" missed="0" covered="123"/><counter type="LINE" missed="0" covered="13"/><counter type="COMPLEXITY" missed="0" covered="1"/><counter type="METHOD" missed="0" covered="1"/></method><method name="onHoverScale" desc="(Ljavafx/scene/Node;D)V" line="717"><counter type="INSTRUCTION" missed="22" covered="13"/><counter type="BRANCH" missed="1" covered="1"/><counter type="LINE" missed="5" covered="3"/><counter type="COMPLEXITY" missed="1" covered="1"/><counter type="METHOD" missed="0" covered="1"/></method><method name="animateScale" desc="(Ljavafx/scene/Node;DDI)V" line="743"><counter type="INSTRUCTION" missed="71" covered="0"/><counter type="LINE" missed="8" covered="0"/><counter type="COMPLEXITY" missed="1" covered="0"/><counter type="METHOD" missed="1" covered="0"/></method><method name="chain" desc="([Lio/github/yasmramos/tailwindfx/animation/TwAnimation;)Lio/github/yasmramos/tailwindfx/animation/TwAnimation;" line="777"><counter type="INSTRUCTION" missed="5" covered="36"/><counter type="BRANCH" missed="2" covered="4"/><counter type="LINE" missed="1" covered="5"/><counter type="COMPLEXITY" missed="2" covered="2"/><counter type="METHOD" missed="0" covered="1"/></method><method name="parallel" desc="([Lio/github/yasmramos/tailwindfx/animation/TwAnimation;)Lio/github/yasmramos/tailwindfx/animation/TwAnimation;" line="799"><counter type="INSTRUCTION" missed="5" covered="36"/><counter type="BRANCH" missed="2" covered="4"/><counter type="LINE" missed="1" covered="5"/><counter type="COMPLEXITY" missed="2" covered="2"/><counter type="METHOD" missed="0" covered="1"/></method><method name="pause" desc="(I)Lio/github/yasmramos/tailwindfx/animation/TwAnimation;" line="828"><counter type="INSTRUCTION" missed="0" covered="12"/><counter type="LINE" missed="0" covered="2"/><counter type="COMPLEXITY" missed="0" covered="1"/><counter type="METHOD" missed="0" covered="1"/></method><method name="cycleCount" desc="(I)Lio/github/yasmramos/tailwindfx/animation/TwAnimation;" line="845"><counter type="INSTRUCTION" missed="0" covered="6"/><counter type="LINE" missed="0" covered="2"/><counter type="COMPLEXITY" missed="0" covered="1"/><counter type="METHOD" missed="0" covered="1"/></method><method name="loop" desc="()Lio/github/yasmramos/tailwindfx/animation/TwAnimation;" line="859"><counter type="INSTRUCTION" missed="0" covered="6"/><counter type="LINE" missed="0" covered="2"/><counter type="COMPLEXITY" missed="0" covered="1"/><counter type="METHOD" missed="0" covered="1"/></method><method name="speed" desc="(D)Lio/github/yasmramos/tailwindfx/animation/TwAnimation;" line="874"><counter type="INSTRUCTION" missed="0" covered="6"/><counter type="LINE" missed="0" covered="2"/><counter type="COMPLEXITY" missed="0" covered="1"/><counter type="METHOD" missed="0" covered="1"/></method><method name="onFinished" desc="(Ljavafx/event/EventHandler;)Lio/github/yasmramos/tailwindfx/animation/TwAnimation;" line="886"><counter type="INSTRUCTION" missed="0" covered="6"/><counter type="LINE" missed="0" covered="2"/><counter type="COMPLEXITY" missed="0" covered="1"/><counter type="METHOD" missed="0" covered="1"/></method><method name="autoReverse" desc="()Lio/github/yasmramos/tailwindfx/animation/TwAnimation;" line="899"><counter type="INSTRUCTION" missed="0" covered="6"/><counter type="LINE" missed="0" covered="2"/><counter type="COMPLEXITY" missed="0" covered="1"/><counter type="METHOD" missed="0" covered="1"/></method><method name="register" desc="(Ljavafx/scene/Node;Ljava/lang/String;)Lio/github/yasmramos/tailwindfx/animation/TwAnimation;" line="927"><counter type="INSTRUCTION" missed="0" covered="8"/><counter type="LINE" missed="0" covered="3"/><counter type="COMPLEXITY" missed="0" covered="1"/><counter type="METHOD" missed="0" covered="1"/></method><method name="play" desc="()V" line="944"><counter type="INSTRUCTION" missed="20" covered="0"/><counter type="BRANCH" missed="4" covered="0"/><counter type="LINE" missed="5" covered="0"/><counter type="COMPLEXITY" missed="3" covered="0"/><counter type="METHOD" missed="1" covered="0"/></method><method name="stop" desc="()V" line="961"><counter type="INSTRUCTION" missed="15" covered="0"/><counter type="BRANCH" missed="4" covered="0"/><counter type="LINE" missed="4" covered="0"/><counter type="COMPLEXITY" missed="3" covered="0"/><counter type="METHOD" missed="1" covered="0"/></method><method name="pause" desc="()V" line="976"><counter type="INSTRUCTION" missed="4" covered="0"/><counter type="LINE" missed="2" covered="0"/><counter type="COMPLEXITY" missed="1" covered="0"/><counter type="METHOD" missed="1" covered="0"/></method><method name="resume" desc="()V" line="988"><counter type="INSTRUCTION" missed="4" covered="0"/><counter type="LINE" missed="2" covered="0"/><counter type="COMPLEXITY" missed="1" covered="0"/><counter type="METHOD" missed="1" covered="0"/></method><method name="withEase" desc="(Ljavafx/animation/Interpolator;)Lio/github/yasmramos/tailwindfx/animation/TwAnimation;" line="1001"><counter type="INSTRUCTION" missed="0" covered="10"/><counter type="LINE" missed="0" covered="3"/><counter type="COMPLEXITY" missed="0" covered="1"/><counter type="METHOD" missed="0" covered="1"/></method><method name="easeIn" desc="()Lio/github/yasmramos/tailwindfx/animation/TwAnimation;" line="1016"><counter type="INSTRUCTION" missed="0" covered="4"/><counter type="LINE" missed="0" covered="1"/><counter type="COMPLEXITY" missed="0" covered="1"/><counter type="METHOD" missed="0" covered="1"/></method><method name="easeOut" desc="()Lio/github/yasmramos/tailwindfx/animation/TwAnimation;" line="1030"><counter type="INSTRUCTION" missed="4" covered="0"/><counter type="LINE" missed="1" covered="0"/><counter type="COMPLEXITY" missed="1" covered="0"/><counter type="METHOD" missed="1" covered="0"/></method><method name="easeBoth" desc="()Lio/github/yasmramos/tailwindfx/animation/TwAnimation;" line="1043"><counter type="INSTRUCTION" missed="4" covered="0"/><counter type="LINE" missed="1" covered="0"/><counter type="COMPLEXITY" missed="1" covered="0"/><counter type="METHOD" missed="1" covered="0"/></method><method name="linear" desc="()Lio/github/yasmramos/tailwindfx/animation/TwAnimation;" line="1056"><counter type="INSTRUCTION" missed="4" covered="0"/><counter type="LINE" missed="1" covered="0"/><counter type="COMPLEXITY" missed="1" covered="0"/><counter type="METHOD" missed="1" covered="0"/></method><method name="raw" desc="()Ljavafx/animation/Animation;" line="1068"><counter type="INSTRUCTION" missed="0" covered="3"/><counter type="LINE" missed="0" covered="1"/><counter type="COMPLEXITY" missed="0" covered="1"/><counter type="METHOD" missed="0" covered="1"/></method><method name="onHoverLift" desc="(Ljavafx/scene/Node;)V" line="1085"><counter type="INSTRUCTION" missed="4" covered="0"/><counter type="LINE" missed="2" covered="0"/><counter type="COMPLEXITY" missed="1" covered="0"/><counter type="METHOD" missed="1" covered="0"/></method><method name="onHoverLift" desc="(Ljavafx/scene/Node;D)V" line="1102"><counter type="INSTRUCTION" missed="80" covered="0"/><counter type="LINE" missed="13" covered="0"/><counter type="COMPLEXITY" missed="1" covered="0"/><counter type="METHOD" missed="1" covered="0"/></method><method name="onHoverDim" desc="(Ljavafx/scene/Node;D)V" line="1145"><counter type="INSTRUCTION" missed="75" covered="0"/><counter type="LINE" missed="12" covered="0"/><counter type="COMPLEXITY" missed="1" covered="0"/><counter type="METHOD" missed="1" covered="0"/></method><method name="removeHoverEffects" desc="(Ljavafx/scene/Node;)V" line="1182"><counter type="INSTRUCTION" missed="30" covered="18"/><counter type="BRANCH" missed="5" covered="1"/><counter type="LINE" missed="4" covered="7"/><counter type="COMPLEXITY" missed="3" covered="1"/><counter type="METHOD" missed="0" covered="1"/></method><method name="storeHoverHandlers" desc="(Ljavafx/scene/Node;Ljavafx/event/EventHandler;Ljavafx/event/EventHandler;)V" line="1212"><counter type="INSTRUCTION" missed="16" covered="0"/><counter type="LINE" missed="6" covered="0"/><counter type="COMPLEXITY" missed="1" covered="0"/><counter type="METHOD" missed="1" covered="0"/></method><method name="lambda$storeHoverHandlers$6" desc="(Ljava/lang/Object;)Ljava/lang/Object;" line="1215"><counter type="INSTRUCTION" missed="4" covered="0"/><counter type="LINE" missed="1" covered="0"/><counter type="COMPLEXITY" missed="1" covered="0"/><counter type="METHOD" missed="1" covered="0"/></method><method name="lambda$onHoverDim$5" desc="(Ljavafx/animation/Timeline;Ljavafx/animation/Timeline;Ljavafx/scene/input/MouseEvent;)V" line="1162"><counter type="INSTRUCTION" missed="5" covered="0"/><counter type="LINE" missed="3" covered="0"/><counter type="COMPLEXITY" missed="1" covered="0"/><counter type="METHOD" missed="1" covered="0"/></method><method name="lambda$onHoverDim$4" desc="(Ljavafx/animation/Timeline;Ljavafx/animation/Timeline;Ljavafx/scene/input/MouseEvent;)V" line="1157"><counter type="INSTRUCTION" missed="5" covered="0"/><counter type="LINE" missed="3" covered="0"/><counter type="COMPLEXITY" missed="1" covered="0"/><counter type="METHOD" missed="1" covered="0"/></method><method name="lambda$onHoverLift$3" desc="(Ljavafx/animation/Timeline;Ljavafx/animation/Timeline;Ljavafx/scene/input/MouseEvent;)V" line="1121"><counter type="INSTRUCTION" missed="5" covered="0"/><counter type="LINE" missed="3" covered="0"/><counter type="COMPLEXITY" missed="1" covered="0"/><counter type="METHOD" missed="1" covered="0"/></method><method name="lambda$onHoverLift$2" desc="(Ljavafx/animation/Timeline;Ljavafx/animation/Timeline;Ljavafx/scene/input/MouseEvent;)V" line="1116"><counter type="INSTRUCTION" missed="5" covered="0"/><counter type="LINE" missed="3" covered="0"/><counter type="COMPLEXITY" missed="1" covered="0"/><counter type="METHOD" missed="1" covered="0"/></method><method name="lambda$onHoverScale$1" desc="(Ljavafx/scene/Node;DDLjavafx/scene/input/MouseEvent;)V" line="728"><counter type="INSTRUCTION" missed="6" covered="0"/><counter type="LINE" missed="1" covered="0"/><counter type="COMPLEXITY" missed="1" covered="0"/><counter type="METHOD" missed="1" covered="0"/></method><method name="lambda$onHoverScale$0" desc="(Ljavafx/scene/Node;DDDLjavafx/scene/input/MouseEvent;)V" line="725"><counter type="INSTRUCTION" missed="10" covered="0"/><counter type="LINE" missed="1" covered="0"/><counter type="COMPLEXITY" missed="1" covered="0"/><counter type="METHOD" missed="1" covered="0"/></method><counter type="INSTRUCTION" missed="1141" covered="1136"/><counter type="BRANCH" missed="18" covered="10"/><counter type="LINE" missed="159" covered="149"/><counter type="COMPLEXITY" missed="45" covered="31"/><counter type="METHOD" missed="33" covered="29"/><counter type="CLASS" missed="0" covered="1"/></class><class name="io/github/yasmramos/tailwindfx/animation/TwAnimation$ResponsiveAnimationGuard" sourcefilename="TwAnimation.java"><method name="onLayoutChangeStart" desc="(Ljavafx/scene/Scene;)V" line="1393"><counter type="INSTRUCTION" missed="10" covered="0"/><counter type="BRANCH" missed="4" covered="0"/><counter type="LINE" missed="3" covered="0"/><counter type="COMPLEXITY" missed="3" covered="0"/><counter type="METHOD" missed="1" covered="0"/></method><method name="onLayoutChangeEnd" desc="(Ljavafx/scene/Scene;)V" line="1406"><counter type="INSTRUCTION" missed="10" covered="0"/><counter type="BRANCH" missed="4" covered="0"/><counter type="LINE" missed="3" covered="0"/><counter type="COMPLEXITY" missed="3" covered="0"/><counter type="METHOD" missed="1" covered="0"/></method><method name="resetNode" desc="(Ljavafx/scene/Node;)V" line="1420"><counter type="INSTRUCTION" missed="0" covered="21"/><counter type="LINE" missed="0" covered="8"/><counter type="COMPLEXITY" missed="0" covered="1"/><counter type="METHOD" missed="0" covered="1"/></method><method name="pauseAnimationsInSubtree" desc="(Ljavafx/scene/Node;)V" line="1436"><counter type="INSTRUCTION" missed="75" covered="0"/><counter type="BRANCH" missed="14" covered="0"/><counter type="LINE" missed="17" covered="0"/><counter type="COMPLEXITY" missed="8" covered="0"/><counter type="METHOD" missed="1" covered="0"/></method><method name="resumeAnimationsInSubtree" desc="(Ljavafx/scene/Node;)V" line="1465"><counter type="INSTRUCTION" missed="61" covered="0"/><counter type="BRANCH" missed="14" covered="0"/><counter type="LINE" missed="14" covered="0"/><counter type="COMPLEXITY" missed="8" covered="0"/><counter type="METHOD" missed="1" covered="0"/></method><method name="isTransformAnimation" desc="(Ljava/lang/String;)Z" line="1494"><counter type="INSTRUCTION" missed="20" covered="0"/><counter type="BRANCH" missed="8" covered="0"/><counter type="LINE" missed="4" covered="0"/><counter type="COMPLEXITY" missed="5" covered="0"/><counter type="METHOD" missed="1" covered="0"/></method><counter type="INSTRUCTION" missed="176" covered="21"/><counter type="BRANCH" missed="44" covered="0"/><counter type="LINE" missed="41" covered="8"/><counter type="COMPLEXITY" missed="27" covered="1"/><counter type="METHOD" missed="5" covered="1"/><counter type="CLASS" missed="0" covered="1"/></class><sourcefile name="TwAnimation.java"><line nr="36" mi="0" ci="3" mb="0" cb="0"/><line nr="38" mi="0" ci="2" mb="0" cb="0"/><line nr="39" mi="0" ci="3" mb="0" cb="0"/><line nr="40" mi="0" ci="1" mb="0" cb="0"/><line nr="57" mi="4" ci="0" mb="0" cb="0"/><line nr="68" mi="0" ci="5" mb="0" cb="0"/><line nr="91" mi="0" ci="4" mb="0" cb="0"/><line nr="92" mi="0" ci="4" mb="0" cb="0"/><line nr="93" mi="0" ci="5" mb="0" cb="0"/><line nr="94" mi="0" ci="3" mb="0" cb="0"/><line nr="95" mi="0" ci="18" mb="0" cb="0"/><line nr="98" mi="0" ci="14" mb="0" cb="0"/><line nr="100" mi="0" ci="19" mb="0" cb="0"/><line nr="101" mi="0" ci="3" mb="0" cb="0"/><line nr="102" mi="0" ci="5" mb="0" cb="0"/><line nr="117" mi="0" ci="4" mb="0" cb="0"/><line nr="134" mi="0" ci="3" mb="0" cb="0"/><line nr="135" mi="0" ci="4" mb="0" cb="0"/><line nr="136" mi="0" ci="3" mb="0" cb="0"/><line nr="137" mi="0" ci="3" mb="0" cb="0"/><line nr="138" mi="0" ci="19" mb="0" cb="0"/><line nr="142" mi="0" ci="11" mb="0" cb="0"/><line nr="143" mi="0" ci="14" mb="0" cb="0"/><line nr="145" mi="0" ci="8" mb="0" cb="0"/><line nr="146" mi="0" ci="11" mb="0" cb="0"/><line nr="147" mi="0" ci="10" mb="0" cb="0"/><line nr="162" mi="4" ci="0" mb="0" cb="0"/><line nr="179" mi="3" ci="0" mb="0" cb="0"/><line nr="180" mi="4" ci="0" mb="0" cb="0"/><line nr="181" mi="3" ci="0" mb="0" cb="0"/><line nr="182" mi="3" ci="0" mb="0" cb="0"/><line nr="183" mi="19" ci="0" mb="0" cb="0"/><line nr="187" mi="11" ci="0" mb="0" cb="0"/><line nr="188" mi="14" ci="0" mb="0" cb="0"/><line nr="190" mi="8" ci="0" mb="0" cb="0"/><line nr="191" mi="11" ci="0" mb="0" cb="0"/><line nr="192" mi="10" ci="0" mb="0" cb="0"/><line nr="207" mi="4" ci="0" mb="0" cb="0"/><line nr="223" mi="5" ci="0" mb="0" cb="0"/><line nr="224" mi="3" ci="0" mb="0" cb="0"/><line nr="225" mi="3" ci="0" mb="0" cb="0"/><line nr="226" mi="19" ci="0" mb="0" cb="0"/><line nr="230" mi="11" ci="0" mb="0" cb="0"/><line nr="231" mi="14" ci="0" mb="0" cb="0"/><line nr="233" mi="8" ci="0" mb="0" cb="0"/><line nr="234" mi="11" ci="0" mb="0" cb="0"/><line nr="236" mi="2" ci="0" mb="0" cb="0"/><line nr="237" mi="13" ci="0" mb="0" cb="0"/><line nr="252" mi="4" ci="0" mb="0" cb="0"/><line nr="267" mi="5" ci="0" mb="0" cb="0"/><line nr="268" mi="3" ci="0" mb="0" cb="0"/><line nr="269" mi="3" ci="0" mb="0" cb="0"/><line nr="270" mi="19" ci="0" mb="0" cb="0"/><line nr="274" mi="11" ci="0" mb="0" cb="0"/><line nr="275" mi="14" ci="0" mb="0" cb="0"/><line nr="277" mi="8" ci="0" mb="0" cb="0"/><line nr="278" mi="11" ci="0" mb="0" cb="0"/><line nr="279" mi="10" ci="0" mb="0" cb="0"/><line nr="294" mi="4" ci="0" mb="0" cb="0"/><line nr="295" mi="3" ci="0" mb="0" cb="0"/><line nr="296" mi="3" ci="0" mb="0" cb="0"/><line nr="297" mi="19" ci="0" mb="0" cb="0"/><line nr="301" mi="11" ci="0" mb="0" cb="0"/><line nr="302" mi="14" ci="0" mb="0" cb="0"/><line nr="304" mi="8" ci="0" mb="0" cb="0"/><line nr="305" mi="11" ci="0" mb="0" cb="0"/><line nr="306" mi="10" ci="0" mb="0" cb="0"/><line nr="321" mi="4" ci="0" mb="0" cb="0"/><line nr="322" mi="3" ci="0" mb="0" cb="0"/><line nr="323" mi="3" ci="0" mb="0" cb="0"/><line nr="324" mi="19" ci="0" mb="0" cb="0"/><line nr="328" mi="11" ci="0" mb="0" cb="0"/><line nr="329" mi="14" ci="0" mb="0" cb="0"/><line nr="331" mi="8" ci="0" mb="0" cb="0"/><line nr="332" mi="11" ci="0" mb="0" cb="0"/><line nr="333" mi="10" ci="0" mb="0" cb="0"/><line nr="348" mi="5" ci="0" mb="0" cb="0"/><line nr="349" mi="3" ci="0" mb="0" cb="0"/><line nr="350" mi="3" ci="0" mb="0" cb="0"/><line nr="351" mi="19" ci="0" mb="0" cb="0"/><line nr="355" mi="11" ci="0" mb="0" cb="0"/><line nr="356" mi="14" ci="0" mb="0" cb="0"/><line nr="358" mi="8" ci="0" mb="0" cb="0"/><line nr="359" mi="11" ci="0" mb="0" cb="0"/><line nr="360" mi="10" ci="0" mb="0" cb="0"/><line nr="376" mi="0" ci="4" mb="0" cb="0"/><line nr="393" mi="0" ci="5" mb="0" cb="0"/><line nr="411" mi="0" ci="4" mb="0" cb="0"/><line nr="412" mi="0" ci="5" mb="0" cb="0"/><line nr="413" mi="0" ci="3" mb="0" cb="0"/><line nr="414" mi="0" ci="3" mb="0" cb="0"/><line nr="415" mi="0" ci="3" mb="0" cb="0"/><line nr="416" mi="0" ci="18" mb="0" cb="0"/><line nr="421" mi="0" ci="11" mb="0" cb="0"/><line nr="422" mi="0" ci="11" mb="0" cb="0"/><line nr="423" mi="0" ci="14" mb="0" cb="0"/><line nr="425" mi="0" ci="8" mb="0" cb="0"/><line nr="426" mi="0" ci="11" mb="0" cb="0"/><line nr="427" mi="0" ci="11" mb="0" cb="0"/><line nr="428" mi="0" ci="11" mb="0" cb="0"/><line nr="429" mi="0" ci="3" mb="0" cb="0"/><line nr="430" mi="0" ci="2" mb="0" cb="0"/><line nr="446" mi="4" ci="0" mb="0" cb="0"/><line nr="463" mi="0" ci="4" mb="0" cb="0"/><line nr="464" mi="0" ci="4" mb="0" cb="0"/><line nr="465" mi="0" ci="19" mb="0" cb="0"/><line nr="468" mi="0" ci="14" mb="0" cb="0"/><line nr="470" mi="0" ci="8" mb="0" cb="0"/><line nr="471" mi="0" ci="12" mb="0" cb="0"/><line nr="472" mi="0" ci="1" mb="0" cb="0"/><line nr="486" mi="4" ci="0" mb="0" cb="0"/><line nr="502" mi="19" ci="0" mb="0" cb="0"/><line nr="506" mi="11" ci="0" mb="0" cb="0"/><line nr="507" mi="11" ci="0" mb="0" cb="0"/><line nr="508" mi="14" ci="0" mb="0" cb="0"/><line nr="510" mi="8" ci="0" mb="0" cb="0"/><line nr="511" mi="11" ci="0" mb="0" cb="0"/><line nr="512" mi="11" ci="0" mb="0" cb="0"/><line nr="513" mi="10" ci="0" mb="0" cb="0"/><line nr="530" mi="0" ci="16" mb="0" cb="0"/><line nr="532" mi="0" ci="12" mb="0" cb="0"/><line nr="534" mi="0" ci="8" mb="0" cb="0"/><line nr="535" mi="0" ci="13" mb="0" cb="0"/><line nr="536" mi="0" ci="17" mb="0" cb="0"/><line nr="537" mi="0" ci="3" mb="0" cb="0"/><line nr="538" mi="0" ci="5" mb="0" cb="0"/><line nr="548" mi="0" ci="4" mb="0" cb="0"/><line nr="549" mi="0" ci="3" mb="0" cb="0"/><line nr="550" mi="0" ci="19" mb="0" cb="0"/><line nr="552" mi="0" ci="12" mb="0" cb="0"/><line nr="554" mi="0" ci="8" mb="0" cb="0"/><line nr="555" mi="0" ci="15" mb="0" cb="0"/><line nr="557" mi="0" ci="8" mb="0" cb="0"/><line nr="558" mi="0" ci="15" mb="0" cb="0"/><line nr="560" mi="0" ci="8" mb="0" cb="0"/><line nr="561" mi="0" ci="15" mb="0" cb="0"/><line nr="563" mi="0" ci="8" mb="0" cb="0"/><line nr="564" mi="0" ci="15" mb="0" cb="0"/><line nr="566" mi="0" ci="8" mb="0" cb="0"/><line nr="567" mi="0" ci="15" mb="0" cb="0"/><line nr="569" mi="0" ci="8" mb="0" cb="0"/><line nr="570" mi="0" ci="10" mb="0" cb="0"/><line nr="584" mi="0" ci="3" mb="0" cb="0"/><line nr="585" mi="0" ci="19" mb="0" cb="0"/><line nr="587" mi="0" ci="12" mb="0" cb="0"/><line nr="589" mi="0" ci="8" mb="0" cb="0"/><line nr="590" mi="0" ci="15" mb="0" cb="0"/><line nr="592" mi="0" ci="8" mb="0" cb="0"/><line nr="593" mi="0" ci="13" mb="0" cb="0"/><line nr="595" mi="0" ci="8" mb="0" cb="0"/><line nr="596" mi="0" ci="15" mb="0" cb="0"/><line nr="598" mi="0" ci="8" mb="0" cb="0"/><line nr="599" mi="0" ci="13" mb="0" cb="0"/><line nr="601" mi="0" ci="8" mb="0" cb="0"/><line nr="602" mi="0" ci="15" mb="0" cb="0"/><line nr="604" mi="0" ci="8" mb="0" cb="0"/><line nr="605" mi="0" ci="10" mb="0" cb="0"/><line nr="619" mi="16" ci="0" mb="0" cb="0"/><line nr="621" mi="12" ci="0" mb="0" cb="0"/><line nr="622" mi="20" ci="0" mb="0" cb="0"/><line nr="623" mi="20" ci="0" mb="0" cb="0"/><line nr="624" mi="20" ci="0" mb="0" cb="0"/><line nr="625" mi="17" ci="0" mb="0" cb="0"/><line nr="626" mi="5" ci="0" mb="0" cb="0"/><line nr="643" mi="0" ci="4" mb="0" cb="0"/><line nr="659" mi="0" ci="4" mb="0" cb="0"/><line nr="660" mi="0" ci="4" mb="0" cb="0"/><line nr="661" mi="0" ci="16" mb="0" cb="0"/><line nr="663" mi="0" ci="13" mb="0" cb="0"/><line nr="665" mi="0" ci="8" mb="0" cb="0"/><line nr="666" mi="0" ci="10" mb="0" cb="0"/><line nr="667" mi="0" ci="3" mb="0" cb="0"/><line nr="668" mi="0" ci="5" mb="0" cb="0"/><line nr="683" mi="0" ci="16" mb="0" cb="0"/><line nr="687" mi="0" ci="10" mb="0" cb="0"/><line nr="688" mi="0" ci="12" mb="0" cb="0"/><line nr="690" mi="0" ci="8" mb="0" cb="0"/><line nr="691" mi="0" ci="10" mb="0" cb="0"/><line nr="692" mi="0" ci="10" mb="0" cb="0"/><line nr="693" mi="0" ci="12" mb="0" cb="0"/><line nr="695" mi="0" ci="8" mb="0" cb="0"/><line nr="696" mi="0" ci="10" mb="0" cb="0"/><line nr="697" mi="0" ci="10" mb="0" cb="0"/><line nr="698" mi="0" ci="9" mb="0" cb="0"/><line nr="699" mi="0" ci="3" mb="0" cb="0"/><line nr="700" mi="0" ci="5" mb="0" cb="0"/><line nr="717" mi="0" ci="4" mb="0" cb="0"/><line nr="718" mi="0" ci="4" mb="1" cb="1"/><line nr="719" mi="0" ci="5" mb="0" cb="0"/><line nr="721" mi="3" ci="0" mb="0" cb="0"/><line nr="722" mi="3" ci="0" mb="0" cb="0"/><line nr="723" mi="8" ci="0" mb="0" cb="0"/><line nr="725" mi="10" ci="0" mb="0" cb="0"/><line nr="726" mi="7" ci="0" mb="0" cb="0"/><line nr="728" mi="6" ci="0" mb="0" cb="0"/><line nr="729" mi="1" ci="0" mb="0" cb="0"/><line nr="743" mi="16" ci="0" mb="0" cb="0"/><line nr="747" mi="11" ci="0" mb="0" cb="0"/><line nr="748" mi="14" ci="0" mb="0" cb="0"/><line nr="750" mi="8" ci="0" mb="0" cb="0"/><line nr="751" mi="10" ci="0" mb="0" cb="0"/><line nr="752" mi="9" ci="0" mb="0" cb="0"/><line nr="753" mi="2" ci="0" mb="0" cb="0"/><line nr="754" mi="1" ci="0" mb="0" cb="0"/><line nr="777" mi="0" ci="5" mb="2" cb="2"/><line nr="778" mi="5" ci="0" mb="0" cb="0"/><line nr="780" mi="0" ci="4" mb="0" cb="0"/><line nr="781" mi="0" ci="16" mb="0" cb="2"/><line nr="782" mi="0" ci="6" mb="0" cb="0"/><line nr="784" mi="0" ci="5" mb="0" cb="0"/><line nr="799" mi="0" ci="5" mb="2" cb="2"/><line nr="800" mi="5" ci="0" mb="0" cb="0"/><line nr="802" mi="0" ci="4" mb="0" cb="0"/><line nr="803" mi="0" ci="16" mb="0" cb="2"/><line nr="804" mi="0" ci="6" mb="0" cb="0"/><line nr="806" mi="0" ci="5" mb="0" cb="0"/><line nr="828" mi="0" ci="7" mb="0" cb="0"/><line nr="829" mi="0" ci="5" mb="0" cb="0"/><line nr="845" mi="0" ci="4" mb="0" cb="0"/><line nr="846" mi="0" ci="2" mb="0" cb="0"/><line nr="859" mi="0" ci="4" mb="0" cb="0"/><line nr="860" mi="0" ci="2" mb="0" cb="0"/><line nr="874" mi="0" ci="4" mb="0" cb="0"/><line nr="875" mi="0" ci="2" mb="0" cb="0"/><line nr="886" mi="0" ci="4" mb="0" cb="0"/><line nr="887" mi="0" ci="2" mb="0" cb="0"/><line nr="899" mi="0" ci="4" mb="0" cb="0"/><line nr="900" mi="0" ci="2" mb="0" cb="0"/><line nr="927" mi="0" ci="3" mb="0" cb="0"/><line nr="928" mi="0" ci="3" mb="0" cb="0"/><line nr="929" mi="0" ci="2" mb="0" cb="0"/><line nr="944" mi="2" ci="0" mb="0" cb="0"/><line nr="945" mi="6" ci="0" mb="4" cb="0"/><line nr="946" mi="8" ci="0" mb="0" cb="0"/><line nr="948" mi="3" ci="0" mb="0" cb="0"/><line nr="950" mi="1" ci="0" mb="0" cb="0"/><line nr="961" mi="3" ci="0" mb="0" cb="0"/><line nr="962" mi="6" ci="0" mb="4" cb="0"/><line nr="963" mi="5" ci="0" mb="0" cb="0"/><line nr="965" mi="1" ci="0" mb="0" cb="0"/><line nr="976" mi="3" ci="0" mb="0" cb="0"/><line nr="977" mi="1" ci="0" mb="0" cb="0"/><line nr="988" mi="3" ci="0" mb="0" cb="0"/><line nr="989" mi="1" ci="0" mb="0" cb="0"/><line nr="1001" mi="0" ci="5" mb="0" cb="0"/><line nr="1002" mi="0" ci="3" mb="0" cb="0"/><line nr="1003" mi="0" ci="2" mb="0" cb="0"/><line nr="1016" mi="0" ci="4" mb="0" cb="0"/><line nr="1030" mi="4" ci="0" mb="0" cb="0"/><line nr="1043" mi="4" ci="0" mb="0" cb="0"/><line nr="1056" mi="4" ci="0" mb="0" cb="0"/><line nr="1068" mi="0" ci="3" mb="0" cb="0"/><line nr="1085" mi="3" ci="0" mb="0" cb="0"/><line nr="1086" mi="1" ci="0" mb="0" cb="0"/><line nr="1102" mi="3" ci="0" mb="0" cb="0"/><line nr="1103" mi="9" ci="0" mb="0" cb="0"/><line nr="1106" mi="8" ci="0" mb="0" cb="0"/><line nr="1108" mi="12" ci="0" mb="0" cb="0"/><line nr="1109" mi="9" ci="0" mb="0" cb="0"/><line nr="1112" mi="8" ci="0" mb="0" cb="0"/><line nr="1113" mi="10" ci="0" mb="0" cb="0"/><line nr="1114" mi="4" ci="0" mb="0" cb="0"/><line nr="1116" mi="2" ci="0" mb="0" cb="0"/><line nr="1117" mi="2" ci="0" mb="0" cb="0"/><line nr="1118" mi="1" ci="0" mb="0" cb="0"/><line nr="1119" mi="4" ci="0" mb="0" cb="0"/><line nr="1121" mi="2" ci="0" mb="0" cb="0"/><line nr="1122" mi="2" ci="0" mb="0" cb="0"/><line nr="1123" mi="1" ci="0" mb="0" cb="0"/><line nr="1124" mi="4" ci="0" mb="0" cb="0"/><line nr="1125" mi="4" ci="0" mb="0" cb="0"/><line nr="1126" mi="4" ci="0" mb="0" cb="0"/><line nr="1127" mi="1" ci="0" mb="0" cb="0"/><line nr="1145" mi="9" ci="0" mb="0" cb="0"/><line nr="1148" mi="8" ci="0" mb="0" cb="0"/><line nr="1149" mi="10" ci="0" mb="0" cb="0"/><line nr="1150" mi="9" ci="0" mb="0" cb="0"/><line nr="1153" mi="8" ci="0" mb="0" cb="0"/><line nr="1154" mi="10" ci="0" mb="0" cb="0"/><line nr="1155" mi="4" ci="0" mb="0" cb="0"/><line nr="1157" mi="2" ci="0" mb="0" cb="0"/><line nr="1158" mi="2" ci="0" mb="0" cb="0"/><line nr="1159" mi="1" ci="0" mb="0" cb="0"/><line nr="1160" mi="4" ci="0" mb="0" cb="0"/><line nr="1162" mi="2" ci="0" mb="0" cb="0"/><line nr="1163" mi="2" ci="0" mb="0" cb="0"/><line nr="1164" mi="1" ci="0" mb="0" cb="0"/><line nr="1165" mi="4" ci="0" mb="0" cb="0"/><line nr="1166" mi="4" ci="0" mb="0" cb="0"/><line nr="1167" mi="4" ci="0" mb="0" cb="0"/><line nr="1168" mi="1" ci="0" mb="0" cb="0"/><line nr="1182" mi="0" ci="1" mb="0" cb="0"/><line nr="1184" mi="0" ci="5" mb="0" cb="0"/><line nr="1185" mi="0" ci="2" mb="1" cb="1"/><line nr="1186" mi="8" ci="0" mb="2" cb="0"/><line nr="1187" mi="7" ci="0" mb="0" cb="0"/><line nr="1188" mi="6" ci="0" mb="2" cb="0"/><line nr="1189" mi="9" ci="0" mb="0" cb="0"/><line nr="1192" mi="0" ci="3" mb="0" cb="0"/><line nr="1193" mi="0" ci="3" mb="0" cb="0"/><line nr="1194" mi="0" ci="3" mb="0" cb="0"/><line nr="1195" mi="0" ci="1" mb="0" cb="0"/><line nr="1212" mi="1" ci="0" mb="0" cb="0"/><line nr="1214" mi="3" ci="0" mb="0" cb="0"/><line nr="1215" mi="7" ci="0" mb="0" cb="0"/><line nr="1216" mi="4" ci="0" mb="0" cb="0"/><line nr="1217" mi="4" ci="0" mb="0" cb="0"/><line nr="1218" mi="1" ci="0" mb="0" cb="0"/><line nr="1275" mi="0" ci="3" mb="0" cb="0"/><line nr="1276" mi="0" ci="6" mb="0" cb="0"/><line nr="1277" mi="6" ci="5" mb="0" cb="0"/><line nr="1278" mi="0" ci="2" mb="0" cb="0"/><line nr="1279" mi="0" ci="2" mb="0" cb="0"/><line nr="1280" mi="0" ci="1" mb="0" cb="0"/><line nr="1290" mi="0" ci="5" mb="0" cb="0"/><line nr="1304" mi="0" ci="2" mb="0" cb="0"/><line nr="1305" mi="0" ci="6" mb="0" cb="2"/><line nr="1307" mi="0" ci="3" mb="0" cb="0"/><line nr="1309" mi="2" ci="0" mb="2" cb="0"/><line nr="1310" mi="2" ci="0" mb="0" cb="0"/><line nr="1312" mi="1" ci="0" mb="0" cb="0"/><line nr="1313" mi="0" ci="4" mb="0" cb="0"/><line nr="1314" mi="0" ci="6" mb="0" cb="0"/><line nr="1315" mi="0" ci="1" mb="0" cb="0"/><line nr="1324" mi="0" ci="6" mb="0" cb="0"/><line nr="1325" mi="0" ci="2" mb="0" cb="2"/><line nr="1326" mi="0" ci="2" mb="0" cb="0"/><line nr="1327" mi="0" ci="5" mb="0" cb="0"/><line nr="1329" mi="0" ci="1" mb="0" cb="0"/><line nr="1337" mi="0" ci="5" mb="0" cb="0"/><line nr="1338" mi="0" ci="3" mb="0" cb="0"/><line nr="1339" mi="0" ci="1" mb="0" cb="0"/><line nr="1349" mi="0" ci="2" mb="0" cb="0"/><line nr="1350" mi="0" ci="3" mb="0" cb="0"/><line nr="1351" mi="0" ci="6" mb="0" cb="0"/><line nr="1393" mi="6" ci="0" mb="4" cb="0"/><line nr="1394" mi="3" ci="0" mb="0" cb="0"/><line nr="1395" mi="1" ci="0" mb="0" cb="0"/><line nr="1406" mi="6" ci="0" mb="4" cb="0"/><line nr="1407" mi="3" ci="0" mb="0" cb="0"/><line nr="1408" mi="1" ci="0" mb="0" cb="0"/><line nr="1420" mi="0" ci="2" mb="0" cb="0"/><line nr="1421" mi="0" ci="3" mb="0" cb="0"/><line nr="1422" mi="0" ci="3" mb="0" cb="0"/><line nr="1423" mi="0" ci="3" mb="0" cb="0"/><line nr="1424" mi="0" ci="3" mb="0" cb="0"/><line nr="1425" mi="0" ci="3" mb="0" cb="0"/><line nr="1426" mi="0" ci="3" mb="0" cb="0"/><line nr="1427" mi="0" ci="1" mb="0" cb="0"/><line nr="1436" mi="1" ci="0" mb="0" cb="0"/><line nr="1437" mi="5" ci="0" mb="0" cb="0"/><line nr="1438" mi="2" ci="0" mb="2" cb="0"/><line nr="1439" mi="4" ci="0" mb="0" cb="0"/><line nr="1440" mi="11" ci="0" mb="2" cb="0"/><line nr="1441" mi="7" ci="0" mb="2" cb="0"/><line nr="1442" mi="4" ci="0" mb="2" cb="0"/><line nr="1443" mi="4" ci="0" mb="0" cb="0"/><line nr="1444" mi="6" ci="0" mb="0" cb="0"/><line nr="1446" mi="1" ci="0" mb="0" cb="0"/><line nr="1447" mi="3" ci="0" mb="2" cb="0"/><line nr="1448" mi="6" ci="0" mb="0" cb="0"/><line nr="1451" mi="6" ci="0" mb="2" cb="0"/><line nr="1452" mi="11" ci="0" mb="2" cb="0"/><line nr="1453" mi="2" ci="0" mb="0" cb="0"/><line nr="1454" mi="1" ci="0" mb="0" cb="0"/><line nr="1456" mi="1" ci="0" mb="0" cb="0"/><line nr="1465" mi="6" ci="0" mb="0" cb="0"/><line nr="1467" mi="1" ci="0" mb="0" cb="0"/><line nr="1468" mi="5" ci="0" mb="0" cb="0"/><line nr="1469" mi="4" ci="0" mb="4" cb="0"/><line nr="1470" mi="10" ci="0" mb="2" cb="0"/><line nr="1471" mi="5" ci="0" mb="0" cb="0"/><line nr="1472" mi="6" ci="0" mb="4" cb="0"/><line nr="1473" mi="2" ci="0" mb="0" cb="0"/><line nr="1475" mi="1" ci="0" mb="0" cb="0"/><line nr="1477" mi="6" ci="0" mb="2" cb="0"/><line nr="1478" mi="11" ci="0" mb="2" cb="0"/><line nr="1479" mi="2" ci="0" mb="0" cb="0"/><line nr="1480" mi="1" ci="0" mb="0" cb="0"/><line nr="1482" mi="1" ci="0" mb="0" cb="0"/><line nr="1494" mi="7" ci="0" mb="2" cb="0"/><line nr="1495" mi="4" ci="0" mb="2" cb="0"/><line nr="1496" mi="4" ci="0" mb="2" cb="0"/><line nr="1497" mi="5" ci="0" mb="2" cb="0"/><counter type="INSTRUCTION" missed="1328" covered="1239"/><counter type="BRANCH" missed="64" covered="14"/><counter type="LINE" missed="203" covered="181"/><counter type="COMPLEXITY" missed="75" covered="41"/><counter type="METHOD" missed="40" covered="37"/><counter type="CLASS" missed="0" covered="3"/></sourcefile><counter type="INSTRUCTION" missed="1328" covered="1239"/><counter type="BRANCH" missed="64" covered="14"/><counter type="LINE" missed="203" covered="181"/><counter type="COMPLEXITY" missed="75" covered="41"/><counter type="METHOD" missed="40" covered="37"/><counter type="CLASS" missed="0" covered="3"/></package><package name="io/github/yasmramos/tailwindfx/core"><class name="io/github/yasmramos/tailwindfx/core/JitCompiler$BatchResult" sourcefilename="JitCompiler.java"><method name="&lt;init&gt;" desc="(Ljava/lang/String;Ljava/util/List;)V" line="504"><counter type="INSTRUCTION" missed="0" covered="9"/><counter type="LINE" missed="0" covered="1"/><counter type="COMPLEXITY" missed="0" covered="1"/><counter type="METHOD" missed="0" covered="1"/></method><method name="hasInlineStyle" desc="()Z" line="507"><counter type="INSTRUCTION" missed="0" covered="8"/><counter type="BRANCH" missed="0" covered="2"/><counter type="LINE" missed="0" covered="1"/><counter type="COMPLEXITY" missed="0" covered="2"/><counter type="METHOD" missed="0" covered="1"/></method><counter type="INSTRUCTION" missed="0" covered="17"/><counter type="BRANCH" missed="0" covered="2"/><counter type="LINE" missed="0" covered="2"/><counter type="COMPLEXITY" missed="0" covered="3"/><counter type="METHOD" missed="0" covered="2"/><counter type="CLASS" missed="0" covered="1"/></class><class name="io/github/yasmramos/tailwindfx/core/VariantManager" sourcefilename="VariantManager.java"><method name="&lt;init&gt;" desc="()V" line="26"><counter type="INSTRUCTION" missed="3" covered="0"/><counter type="LINE" missed="1" covered="0"/><counter type="COMPLEXITY" missed="1" covered="0"/><counter type="METHOD" missed="1" covered="0"/></method><method name="applyStateVariant" desc="(Ljavafx/scene/Node;Ljava/lang/String;Ljava/lang/String;Lio/github/yasmramos/tailwindfx/core/JitCompiler;)V" line="45"><counter type="INSTRUCTION" missed="5" covered="108"/><counter type="BRANCH" missed="9" covered="21"/><counter type="LINE" missed="1" covered="33"/><counter type="COMPLEXITY" missed="9" covered="9"/><counter type="METHOD" missed="0" covered="1"/></method><method name="bindResponsiveVariant" desc="(Ljavafx/scene/Node;Ljava/lang/String;Ljava/lang/String;Lio/github/yasmramos/tailwindfx/core/JitCompiler;)V" line="147"><counter type="INSTRUCTION" missed="3" covered="44"/><counter type="BRANCH" missed="2" covered="10"/><counter type="LINE" missed="1" covered="13"/><counter type="COMPLEXITY" missed="2" covered="5"/><counter type="METHOD" missed="0" covered="1"/></method><method name="registerToScene" desc="(Ljavafx/scene/Scene;Lio/github/yasmramos/tailwindfx/core/VariantManager$ResponsiveBinding;)V" line="184"><counter type="INSTRUCTION" missed="18" covered="0"/><counter type="BRANCH" missed="2" covered="0"/><counter type="LINE" missed="6" covered="0"/><counter type="COMPLEXITY" missed="2" covered="0"/><counter type="METHOD" missed="1" covered="0"/></method><method name="unregisterFromScene" desc="(Ljavafx/scene/Scene;Lio/github/yasmramos/tailwindfx/core/VariantManager$ResponsiveBinding;)V" line="204"><counter type="INSTRUCTION" missed="19" covered="0"/><counter type="BRANCH" missed="4" covered="0"/><counter type="LINE" missed="6" covered="0"/><counter type="COMPLEXITY" missed="3" covered="0"/><counter type="METHOD" missed="1" covered="0"/></method><method name="subscribeToBreakpointChanges" desc="(Ljavafx/scene/Scene;)V" line="218"><counter type="INSTRUCTION" missed="16" covered="0"/><counter type="BRANCH" missed="2" covered="0"/><counter type="LINE" missed="6" covered="0"/><counter type="COMPLEXITY" missed="2" covered="0"/><counter type="METHOD" missed="1" covered="0"/></method><method name="applyResponsiveStyle" desc="(Lio/github/yasmramos/tailwindfx/core/VariantManager$ResponsiveBinding;)V" line="238"><counter type="INSTRUCTION" missed="48" covered="0"/><counter type="BRANCH" missed="8" covered="0"/><counter type="LINE" missed="13" covered="0"/><counter type="COMPLEXITY" missed="5" covered="0"/><counter type="METHOD" missed="1" covered="0"/></method><method name="getBreakpointMinWidth" desc="(Ljava/lang/String;)I" line="260"><counter type="INSTRUCTION" missed="20" covered="0"/><counter type="BRANCH" missed="6" covered="0"/><counter type="LINE" missed="7" covered="0"/><counter type="COMPLEXITY" missed="6" covered="0"/><counter type="METHOD" missed="1" covered="0"/></method><method name="applyThemeVariant" desc="(Ljavafx/scene/Node;Ljava/lang/String;Ljava/lang/String;Lio/github/yasmramos/tailwindfx/core/JitCompiler;)V" line="273"><counter type="INSTRUCTION" missed="0" covered="13"/><counter type="LINE" missed="0" covered="4"/><counter type="COMPLEXITY" missed="0" covered="1"/><counter type="METHOD" missed="0" covered="1"/></method><method name="applyGroupVariant" desc="(Ljavafx/scene/Node;Ljava/lang/String;Ljava/lang/String;Lio/github/yasmramos/tailwindfx/core/JitCompiler;)V" line="297"><counter type="INSTRUCTION" missed="0" covered="21"/><counter type="LINE" missed="0" covered="5"/><counter type="COMPLEXITY" missed="0" covered="1"/><counter type="METHOD" missed="0" covered="1"/></method><method name="applyArbitraryVariant" desc="(Ljavafx/scene/Node;Ljava/lang/String;Ljava/lang/String;Lio/github/yasmramos/tailwindfx/core/JitCompiler;)V" line="347"><counter type="INSTRUCTION" missed="0" covered="42"/><counter type="BRANCH" missed="4" covered="6"/><counter type="LINE" missed="0" covered="10"/><counter type="COMPLEXITY" missed="4" covered="2"/><counter type="METHOD" missed="0" covered="1"/></method><method name="applyStyle" desc="(Ljavafx/scene/Node;Ljava/lang/String;)V" line="366"><counter type="INSTRUCTION" missed="1" covered="18"/><counter type="BRANCH" missed="3" covered="3"/><counter type="LINE" missed="1" covered="5"/><counter type="COMPLEXITY" missed="3" covered="1"/><counter type="METHOD" missed="0" covered="1"/></method><method name="removeStyle" desc="(Ljavafx/scene/Node;Ljava/lang/String;)V" line="378"><counter type="INSTRUCTION" missed="18" covered="0"/><counter type="BRANCH" missed="4" covered="0"/><counter type="LINE" missed="6" covered="0"/><counter type="COMPLEXITY" missed="3" covered="0"/><counter type="METHOD" missed="1" covered="0"/></method><method name="processToken" desc="(Ljavafx/scene/Node;Ljava/lang/String;Lio/github/yasmramos/tailwindfx/core/JitCompiler;)V" line="396"><counter type="INSTRUCTION" missed="20" covered="74"/><counter type="BRANCH" missed="7" covered="11"/><counter type="LINE" missed="5" covered="21"/><counter type="COMPLEXITY" missed="5" covered="7"/><counter type="METHOD" missed="0" covered="1"/></method><method name="lambda$applyGroupVariant$14" desc="(Ljava/lang/String;Lio/github/yasmramos/tailwindfx/core/JitCompiler;Ljava/lang/String;Ljavafx/scene/Node;Ljavafx/beans/value/ObservableValue;Ljavafx/scene/Parent;Ljavafx/scene/Parent;)V" line="304"><counter type="INSTRUCTION" missed="36" covered="7"/><counter type="BRANCH" missed="6" covered="2"/><counter type="LINE" missed="8" covered="4"/><counter type="COMPLEXITY" missed="4" covered="1"/><counter type="METHOD" missed="0" covered="1"/></method><method name="lambda$applyGroupVariant$13" desc="(Lio/github/yasmramos/tailwindfx/core/JitCompiler;Ljava/lang/String;Ljavafx/scene/Node;Ljavafx/scene/input/MouseEvent;)V" line="324"><counter type="INSTRUCTION" missed="15" covered="0"/><counter type="BRANCH" missed="4" covered="0"/><counter type="LINE" missed="4" covered="0"/><counter type="COMPLEXITY" missed="3" covered="0"/><counter type="METHOD" missed="1" covered="0"/></method><method name="lambda$applyGroupVariant$12" desc="(Lio/github/yasmramos/tailwindfx/core/JitCompiler;Ljava/lang/String;Ljavafx/scene/Node;Ljavafx/scene/input/MouseEvent;)V" line="317"><counter type="INSTRUCTION" missed="15" covered="0"/><counter type="BRANCH" missed="4" covered="0"/><counter type="LINE" missed="4" covered="0"/><counter type="COMPLEXITY" missed="3" covered="0"/><counter type="METHOD" missed="1" covered="0"/></method><method name="lambda$applyThemeVariant$11" desc="(ZLio/github/yasmramos/tailwindfx/core/JitCompiler;Ljava/lang/String;Ljavafx/scene/Node;Ljavafx/beans/value/ObservableValue;Ljavafx/scene/Scene;Ljavafx/scene/Scene;)V" line="278"><counter type="INSTRUCTION" missed="29" covered="0"/><counter type="BRANCH" missed="10" covered="0"/><counter type="LINE" missed="7" covered="0"/><counter type="COMPLEXITY" missed="6" covered="0"/><counter type="METHOD" missed="1" covered="0"/></method><method name="lambda$subscribeToBreakpointChanges$10" desc="(Ljavafx/scene/Scene;Ljavafx/beans/value/ObservableValue;Lio/github/yasmramos/tailwindfx/breakpoint/BreakpointManager$Breakpoint;Lio/github/yasmramos/tailwindfx/breakpoint/BreakpointManager$Breakpoint;)V" line="226"><counter type="INSTRUCTION" missed="21" covered="0"/><counter type="BRANCH" missed="4" covered="0"/><counter type="LINE" missed="6" covered="0"/><counter type="COMPLEXITY" missed="3" covered="0"/><counter type="METHOD" missed="1" covered="0"/></method><method name="lambda$registerToScene$9" desc="(Ljavafx/scene/Scene;Ljavafx/scene/Scene;)Ljava/util/List;" line="189"><counter type="INSTRUCTION" missed="6" covered="0"/><counter type="LINE" missed="2" covered="0"/><counter type="COMPLEXITY" missed="1" covered="0"/><counter type="METHOD" missed="1" covered="0"/></method><method name="lambda$bindResponsiveVariant$8" desc="(Lio/github/yasmramos/tailwindfx/core/VariantManager$ResponsiveBinding;Ljavafx/beans/value/ObservableValue;Ljavafx/scene/Scene;Ljavafx/scene/Scene;)V" line="165"><counter type="INSTRUCTION" missed="11" covered="0"/><counter type="BRANCH" missed="4" covered="0"/><counter type="LINE" missed="5" covered="0"/><counter type="COMPLEXITY" missed="3" covered="0"/><counter type="METHOD" missed="1" covered="0"/></method><method name="lambda$bindResponsiveVariant$7" desc="(Lio/github/yasmramos/tailwindfx/core/JitCompiler;Ljava/lang/String;Ljava/lang/String;)Lio/github/yasmramos/tailwindfx/core/JitCompiler$CompileResult;" line="154"><counter type="INSTRUCTION" missed="0" covered="5"/><counter type="LINE" missed="0" covered="1"/><counter type="COMPLEXITY" missed="0" covered="1"/><counter type="METHOD" missed="0" covered="1"/></method><method name="lambda$applyStateVariant$6" desc="(Ljavafx/scene/Node;Ljava/lang/String;Ljavafx/beans/value/ObservableValue;Ljava/lang/Boolean;Ljava/lang/Boolean;)V" line="123"><counter type="INSTRUCTION" missed="11" covered="0"/><counter type="BRANCH" missed="2" covered="0"/><counter type="LINE" missed="4" covered="0"/><counter type="COMPLEXITY" missed="2" covered="0"/><counter type="METHOD" missed="1" covered="0"/></method><method name="lambda$applyStateVariant$5" desc="(Ljavafx/scene/Node;Ljava/lang/String;Ljavafx/beans/value/ObservableValue;Ljava/lang/Boolean;Ljava/lang/Boolean;)V" line="107"><counter type="INSTRUCTION" missed="11" covered="0"/><counter type="BRANCH" missed="2" covered="0"/><counter type="LINE" missed="4" covered="0"/><counter type="COMPLEXITY" missed="2" covered="0"/><counter type="METHOD" missed="1" covered="0"/></method><method name="lambda$applyStateVariant$4" desc="(Ljavafx/scene/Node;Ljava/lang/String;Ljavafx/scene/input/MouseEvent;)V" line="97"><counter type="INSTRUCTION" missed="4" covered="0"/><counter type="LINE" missed="1" covered="0"/><counter type="COMPLEXITY" missed="1" covered="0"/><counter type="METHOD" missed="1" covered="0"/></method><method name="lambda$applyStateVariant$3" desc="(Ljavafx/scene/Node;Ljava/lang/String;Ljavafx/scene/input/MouseEvent;)V" line="95"><counter type="INSTRUCTION" missed="4" covered="0"/><counter type="LINE" missed="1" covered="0"/><counter type="COMPLEXITY" missed="1" covered="0"/><counter type="METHOD" missed="1" covered="0"/></method><method name="lambda$applyStateVariant$2" desc="(Ljavafx/scene/Node;Ljava/lang/String;Ljavafx/beans/value/ObservableValue;Ljava/lang/Boolean;Ljava/lang/Boolean;)V" line="84"><counter type="INSTRUCTION" missed="11" covered="0"/><counter type="BRANCH" missed="2" covered="0"/><counter type="LINE" missed="4" covered="0"/><counter type="COMPLEXITY" missed="2" covered="0"/><counter type="METHOD" missed="1" covered="0"/></method><method name="lambda$applyStateVariant$1" desc="(Ljavafx/scene/Node;Ljava/lang/String;Ljavafx/scene/input/MouseEvent;)V" line="74"><counter type="INSTRUCTION" missed="4" covered="0"/><counter type="LINE" missed="1" covered="0"/><counter type="COMPLEXITY" missed="1" covered="0"/><counter type="METHOD" missed="1" covered="0"/></method><method name="lambda$applyStateVariant$0" desc="(Ljavafx/scene/Node;Ljava/lang/String;Ljavafx/scene/input/MouseEvent;)V" line="72"><counter type="INSTRUCTION" missed="4" covered="0"/><counter type="LINE" missed="1" covered="0"/><counter type="COMPLEXITY" missed="1" covered="0"/><counter type="METHOD" missed="1" covered="0"/></method><method name="&lt;clinit&gt;" desc="()V" line="29"><counter type="INSTRUCTION" missed="0" covered="9"/><counter type="LINE" missed="0" covered="2"/><counter type="COMPLEXITY" missed="0" covered="1"/><counter type="METHOD" missed="0" covered="1"/></method><counter type="INSTRUCTION" missed="353" covered="341"/><counter type="BRANCH" missed="89" covered="53"/><counter type="LINE" missed="105" covered="97"/><counter type="COMPLEXITY" missed="78" covered="29"/><counter type="METHOD" missed="20" covered="10"/><counter type="CLASS" missed="0" covered="1"/></class><class name="io/github/yasmramos/tailwindfx/core/CssPropertyMapper" sourcefilename="CssPropertyMapper.java"><method name="&lt;init&gt;" desc="(Lio/github/yasmramos/tailwindfx/theme/ThemeConfig;)V" line="19"><counter type="INSTRUCTION" missed="0" covered="6"/><counter type="LINE" missed="0" covered="3"/><counter type="COMPLEXITY" missed="0" covered="1"/><counter type="METHOD" missed="0" covered="1"/></method><method name="mapToCssProperty" desc="(Ljava/lang/String;)Ljava/lang/String;" line="30"><counter type="INSTRUCTION" missed="68" covered="44"/><counter type="BRANCH" missed="34" covered="18"/><counter type="LINE" missed="34" covered="19"/><counter type="COMPLEXITY" missed="34" covered="18"/><counter type="METHOD" missed="0" covered="1"/></method><method name="resolveNamedValue" desc="(Ljava/lang/String;Ljava/lang/String;)Ljava/lang/String;" line="110"><counter type="INSTRUCTION" missed="27" covered="140"/><counter type="BRANCH" missed="17" covered="36"/><counter type="LINE" missed="7" covered="34"/><counter type="COMPLEXITY" missed="17" covered="12"/><counter type="METHOD" missed="0" covered="1"/></method><method name="resolveBorderStyle" desc="(Ljava/lang/String;)Ljava/lang/String;" line="191"><counter type="INSTRUCTION" missed="5" covered="13"/><counter type="BRANCH" missed="3" covered="2"/><counter type="LINE" missed="3" covered="3"/><counter type="COMPLEXITY" missed="3" covered="2"/><counter type="METHOD" missed="0" covered="1"/></method><method name="resolveNamedColor" desc="(Ljava/lang/String;)Ljava/lang/String;" line="202"><counter type="INSTRUCTION" missed="4" covered="12"/><counter type="BRANCH" missed="2" covered="2"/><counter type="LINE" missed="2" covered="3"/><counter type="COMPLEXITY" missed="2" covered="2"/><counter type="METHOD" missed="0" covered="1"/></method><method name="resolveCursor" desc="(Ljava/lang/String;)Ljava/lang/String;" line="212"><counter type="INSTRUCTION" missed="64" covered="0"/><counter type="BRANCH" missed="28" covered="0"/><counter type="LINE" missed="29" covered="0"/><counter type="COMPLEXITY" missed="28" covered="0"/><counter type="METHOD" missed="1" covered="0"/></method><method name="resolveOverflow" desc="(Ljava/lang/String;)Ljava/lang/String;" line="246"><counter type="INSTRUCTION" missed="18" covered="0"/><counter type="BRANCH" missed="5" covered="0"/><counter type="LINE" missed="6" covered="0"/><counter type="COMPLEXITY" missed="5" covered="0"/><counter type="METHOD" missed="1" covered="0"/></method><method name="resolveVisibility" desc="(Ljava/lang/String;)Ljava/lang/String;" line="257"><counter type="INSTRUCTION" missed="14" covered="0"/><counter type="BRANCH" missed="3" covered="0"/><counter type="LINE" missed="4" covered="0"/><counter type="COMPLEXITY" missed="3" covered="0"/><counter type="METHOD" missed="1" covered="0"/></method><method name="resolveResize" desc="(Ljava/lang/String;)Ljava/lang/String;" line="266"><counter type="INSTRUCTION" missed="18" covered="0"/><counter type="BRANCH" missed="5" covered="0"/><counter type="LINE" missed="6" covered="0"/><counter type="COMPLEXITY" missed="5" covered="0"/><counter type="METHOD" missed="1" covered="0"/></method><method name="resolveDimension" desc="(Ljava/lang/String;)Ljava/lang/String;" line="277"><counter type="INSTRUCTION" missed="4" covered="12"/><counter type="BRANCH" missed="2" covered="2"/><counter type="LINE" missed="2" covered="3"/><counter type="COMPLEXITY" missed="2" covered="2"/><counter type="METHOD" missed="0" covered="1"/></method><method name="resolveMaxWidth" desc="(Ljava/lang/String;)Ljava/lang/String;" line="287"><counter type="INSTRUCTION" missed="26" covered="0"/><counter type="BRANCH" missed="9" covered="0"/><counter type="LINE" missed="10" covered="0"/><counter type="COMPLEXITY" missed="9" covered="0"/><counter type="METHOD" missed="1" covered="0"/></method><method name="map" desc="(Lio/github/yasmramos/tailwindfx/style/StyleToken;Ljava/lang/String;)Ljava/lang/String;" line="308"><counter type="INSTRUCTION" missed="41" covered="132"/><counter type="BRANCH" missed="10" covered="25"/><counter type="LINE" missed="5" covered="20"/><counter type="COMPLEXITY" missed="9" covered="12"/><counter type="METHOD" missed="0" covered="1"/></method><method name="isBorderStyle" desc="(Ljava/lang/String;)Z" line="354"><counter type="INSTRUCTION" missed="0" covered="20"/><counter type="BRANCH" missed="2" covered="6"/><counter type="LINE" missed="0" covered="4"/><counter type="COMPLEXITY" missed="2" covered="3"/><counter type="METHOD" missed="0" covered="1"/></method><method name="prop" desc="(Ljava/lang/String;Ljava/lang/String;)Ljava/lang/String;" line="361"><counter type="INSTRUCTION" missed="0" covered="4"/><counter type="LINE" missed="0" covered="1"/><counter type="COMPLEXITY" missed="0" covered="1"/><counter type="METHOD" missed="0" covered="1"/></method><method name="px" desc="(Ljava/lang/String;Ljava/lang/String;)Ljava/lang/String;" line="366"><counter type="INSTRUCTION" missed="3" covered="10"/><counter type="BRANCH" missed="1" covered="1"/><counter type="LINE" missed="0" covered="2"/><counter type="COMPLEXITY" missed="1" covered="1"/><counter type="METHOD" missed="0" covered="1"/></method><method name="resolveFontSize" desc="(Ljava/lang/String;)Ljava/lang/String;" line="371"><counter type="INSTRUCTION" missed="26" covered="15"/><counter type="BRANCH" missed="10" covered="1"/><counter type="LINE" missed="10" covered="4"/><counter type="COMPLEXITY" missed="9" covered="1"/><counter type="METHOD" missed="0" covered="1"/></method><method name="resolveFontWeight" desc="(Ljava/lang/String;)Ljava/lang/String;" line="392"><counter type="INSTRUCTION" missed="15" covered="13"/><counter type="BRANCH" missed="8" covered="2"/><counter type="LINE" missed="8" covered="3"/><counter type="COMPLEXITY" missed="8" covered="2"/><counter type="METHOD" missed="0" covered="1"/></method><method name="resolveBorderRadius" desc="(Ljava/lang/String;)Ljava/lang/String;" line="407"><counter type="INSTRUCTION" missed="26" covered="62"/><counter type="BRANCH" missed="10" covered="3"/><counter type="LINE" missed="10" covered="5"/><counter type="COMPLEXITY" missed="9" covered="2"/><counter type="METHOD" missed="0" covered="1"/></method><method name="resolveShadow" desc="(Ljava/lang/String;)Ljava/lang/String;" line="430"><counter type="INSTRUCTION" missed="11" covered="11"/><counter type="BRANCH" missed="6" covered="1"/><counter type="LINE" missed="6" covered="2"/><counter type="COMPLEXITY" missed="6" covered="1"/><counter type="METHOD" missed="0" covered="1"/></method><method name="resolveEffectValue" desc="(Ljava/lang/String;Ljava/lang/String;)Ljava/lang/String;" line="443"><counter type="INSTRUCTION" missed="66" covered="0"/><counter type="BRANCH" missed="16" covered="0"/><counter type="LINE" missed="17" covered="0"/><counter type="COMPLEXITY" missed="9" covered="0"/><counter type="METHOD" missed="1" covered="0"/></method><method name="resolveBlur" desc="(Ljava/lang/String;)Ljava/lang/String;" line="471"><counter type="INSTRUCTION" missed="54" covered="0"/><counter type="BRANCH" missed="9" covered="0"/><counter type="LINE" missed="13" covered="0"/><counter type="COMPLEXITY" missed="9" covered="0"/><counter type="METHOD" missed="1" covered="0"/></method><method name="resolveBrightness" desc="(Ljava/lang/String;)Ljava/lang/String;" line="493"><counter type="INSTRUCTION" missed="33" covered="0"/><counter type="BRANCH" missed="12" covered="0"/><counter type="LINE" missed="13" covered="0"/><counter type="COMPLEXITY" missed="12" covered="0"/><counter type="METHOD" missed="1" covered="0"/></method><method name="resolveContrast" desc="(Ljava/lang/String;)Ljava/lang/String;" line="510"><counter type="INSTRUCTION" missed="25" covered="0"/><counter type="BRANCH" missed="8" covered="0"/><counter type="LINE" missed="9" covered="0"/><counter type="COMPLEXITY" missed="8" covered="0"/><counter type="METHOD" missed="1" covered="0"/></method><method name="resolveGrayscale" desc="(Ljava/lang/String;)Ljava/lang/String;" line="523"><counter type="INSTRUCTION" missed="30" covered="0"/><counter type="BRANCH" missed="3" covered="0"/><counter type="LINE" missed="7" covered="0"/><counter type="COMPLEXITY" missed="3" covered="0"/><counter type="METHOD" missed="1" covered="0"/></method><method name="resolveInvert" desc="(Ljava/lang/String;)Ljava/lang/String;" line="538"><counter type="INSTRUCTION" missed="30" covered="0"/><counter type="BRANCH" missed="3" covered="0"/><counter type="LINE" missed="7" covered="0"/><counter type="COMPLEXITY" missed="3" covered="0"/><counter type="METHOD" missed="1" covered="0"/></method><method name="resolveSepia" desc="(Ljava/lang/String;)Ljava/lang/String;" line="553"><counter type="INSTRUCTION" missed="30" covered="0"/><counter type="BRANCH" missed="3" covered="0"/><counter type="LINE" missed="7" covered="0"/><counter type="COMPLEXITY" missed="3" covered="0"/><counter type="METHOD" missed="1" covered="0"/></method><method name="resolveSkewX" desc="(Ljava/lang/String;)Ljava/lang/String;" line="568"><counter type="INSTRUCTION" missed="48" covered="0"/><counter type="BRANCH" missed="7" covered="0"/><counter type="LINE" missed="11" covered="0"/><counter type="COMPLEXITY" missed="7" covered="0"/><counter type="METHOD" missed="1" covered="0"/></method><method name="resolveSkewY" desc="(Ljava/lang/String;)Ljava/lang/String;" line="587"><counter type="INSTRUCTION" missed="48" covered="0"/><counter type="BRANCH" missed="7" covered="0"/><counter type="LINE" missed="11" covered="0"/><counter type="COMPLEXITY" missed="7" covered="0"/><counter type="METHOD" missed="1" covered="0"/></method><counter type="INSTRUCTION" missed="734" covered="494"/><counter type="BRANCH" missed="223" covered="99"/><counter type="LINE" missed="237" covered="106"/><counter type="COMPLEXITY" missed="213" covered="60"/><counter type="METHOD" missed="14" covered="14"/><counter type="CLASS" missed="0" covered="1"/></class><class name="io/github/yasmramos/tailwindfx/core/VariantParser" sourcefilename="VariantParser.java"><method name="&lt;init&gt;" desc="()V" line="15"><counter type="INSTRUCTION" missed="3" covered="0"/><counter type="LINE" missed="1" covered="0"/><counter type="COMPLEXITY" missed="1" covered="0"/><counter type="METHOD" missed="1" covered="0"/></method><method name="parse" desc="(Ljava/lang/String;)Lio/github/yasmramos/tailwindfx/core/VariantParser$VariantResult;" line="145"><counter type="INSTRUCTION" missed="1" covered="66"/><counter type="BRANCH" missed="2" covered="10"/><counter type="LINE" missed="0" covered="16"/><counter type="COMPLEXITY" missed="2" covered="5"/><counter type="METHOD" missed="0" covered="1"/></method><method name="isValidVariant" desc="(Ljava/lang/String;)Z" line="183"><counter type="INSTRUCTION" missed="4" covered="17"/><counter type="BRANCH" missed="3" covered="5"/><counter type="LINE" missed="2" covered="3"/><counter type="COMPLEXITY" missed="3" covered="2"/><counter type="METHOD" missed="0" covered="1"/></method><method name="extractVariants" desc="(Ljava/lang/String;)Ljava/util/List;" line="198"><counter type="INSTRUCTION" missed="0" covered="4"/><counter type="LINE" missed="0" covered="1"/><counter type="COMPLEXITY" missed="0" covered="1"/><counter type="METHOD" missed="0" covered="1"/></method><method name="extractUtility" desc="(Ljava/lang/String;)Ljava/lang/String;" line="203"><counter type="INSTRUCTION" missed="0" covered="4"/><counter type="LINE" missed="0" covered="1"/><counter type="COMPLEXITY" missed="0" covered="1"/><counter type="METHOD" missed="0" covered="1"/></method><method name="reconstruct" desc="(Ljava/util/List;Ljava/lang/String;)Ljava/lang/String;" line="208"><counter type="INSTRUCTION" missed="0" covered="35"/><counter type="BRANCH" missed="1" covered="5"/><counter type="LINE" missed="0" covered="8"/><counter type="COMPLEXITY" missed="1" covered="3"/><counter type="METHOD" missed="0" covered="1"/></method><method name="hasVariant" desc="(Ljava/lang/String;)Z" line="222"><counter type="INSTRUCTION" missed="0" covered="4"/><counter type="LINE" missed="0" covered="1"/><counter type="COMPLEXITY" missed="0" covered="1"/><counter type="METHOD" missed="0" covered="1"/></method><method name="hasVariant" desc="(Ljava/lang/String;Ljava/lang/String;)Z" line="227"><counter type="INSTRUCTION" missed="0" covered="8"/><counter type="LINE" missed="0" covered="2"/><counter type="COMPLEXITY" missed="0" covered="1"/><counter type="METHOD" missed="0" covered="1"/></method><method name="getVariantType" desc="(Ljava/lang/String;)Ljava/lang/String;" line="233"><counter type="INSTRUCTION" missed="2" covered="62"/><counter type="BRANCH" missed="2" covered="20"/><counter type="LINE" missed="0" covered="11"/><counter type="COMPLEXITY" missed="2" covered="10"/><counter type="METHOD" missed="0" covered="1"/></method><method name="toCssSelector" desc="(Ljava/lang/String;)Ljava/lang/String;" line="250"><counter type="INSTRUCTION" missed="0" covered="130"/><counter type="BRANCH" missed="2" covered="51"/><counter type="LINE" missed="0" covered="50"/><counter type="COMPLEXITY" missed="2" covered="45"/><counter type="METHOD" missed="0" covered="1"/></method><method name="getBreakpointMediaQuery" desc="(Ljava/lang/String;)Ljava/lang/String;" line="364"><counter type="INSTRUCTION" missed="0" covered="85"/><counter type="LINE" missed="0" covered="17"/><counter type="COMPLEXITY" missed="0" covered="1"/><counter type="METHOD" missed="0" covered="1"/></method><method name="&lt;clinit&gt;" desc="()V" line="18"><counter type="INSTRUCTION" missed="0" covered="231"/><counter type="LINE" missed="0" covered="24"/><counter type="COMPLEXITY" missed="0" covered="1"/><counter type="METHOD" missed="0" covered="1"/></method><counter type="INSTRUCTION" missed="10" covered="646"/><counter type="BRANCH" missed="10" covered="91"/><counter type="LINE" missed="3" covered="134"/><counter type="COMPLEXITY" missed="11" covered="71"/><counter type="METHOD" missed="1" covered="11"/><counter type="CLASS" missed="0" covered="1"/></class><class name="io/github/yasmramos/tailwindfx/core/Preconditions" sourcefilename="Preconditions.java"><method name="requireNonNull" desc="(Ljava/lang/Object;Ljava/lang/String;Ljava/lang/String;)Ljava/lang/Object;" line="25"><counter type="INSTRUCTION" missed="0" covered="11"/><counter type="BRANCH" missed="0" covered="2"/><counter type="LINE" missed="0" covered="3"/><counter type="COMPLEXITY" missed="0" covered="2"/><counter type="METHOD" missed="0" covered="1"/></method><method name="requireNode" desc="(Ljavafx/scene/Node;Ljava/lang/String;)Ljavafx/scene/Node;" line="32"><counter type="INSTRUCTION" missed="0" covered="6"/><counter type="LINE" missed="0" covered="1"/><counter type="COMPLEXITY" missed="0" covered="1"/><counter type="METHOD" missed="0" covered="1"/></method><method name="requirePane" desc="(Ljavafx/scene/layout/Pane;Ljava/lang/String;)Ljavafx/scene/layout/Pane;" line="36"><counter type="INSTRUCTION" missed="6" covered="0"/><counter type="LINE" missed="1" covered="0"/><counter type="COMPLEXITY" missed="1" covered="0"/><counter type="METHOD" missed="1" covered="0"/></method><method name="requireNonBlank" desc="(Ljava/lang/String;Ljava/lang/String;Ljava/lang/String;)Ljava/lang/String;" line="40"><counter type="INSTRUCTION" missed="0" covered="17"/><counter type="BRANCH" missed="0" covered="2"/><counter type="LINE" missed="0" covered="4"/><counter type="COMPLEXITY" missed="0" covered="2"/><counter type="METHOD" missed="0" covered="1"/></method><method name="requireSpan" desc="(ILjava/lang/String;)I" line="49"><counter type="INSTRUCTION" missed="7" covered="15"/><counter type="BRANCH" missed="1" covered="3"/><counter type="LINE" missed="1" covered="4"/><counter type="COMPLEXITY" missed="1" covered="2"/><counter type="METHOD" missed="0" covered="1"/></method><method name="requireOpacity" desc="(DLjava/lang/String;)D" line="61"><counter type="INSTRUCTION" missed="0" covered="17"/><counter type="BRANCH" missed="1" covered="3"/><counter type="LINE" missed="0" covered="3"/><counter type="COMPLEXITY" missed="1" covered="2"/><counter type="METHOD" missed="0" covered="1"/></method><method name="requirePositiveDuration" desc="(ILjava/lang/String;)I" line="70"><counter type="INSTRUCTION" missed="7" covered="14"/><counter type="BRANCH" missed="1" covered="3"/><counter type="LINE" missed="1" covered="4"/><counter type="COMPLEXITY" missed="1" covered="2"/><counter type="METHOD" missed="0" covered="1"/></method><method name="requirePositiveScale" desc="(DLjava/lang/String;)D" line="82"><counter type="INSTRUCTION" missed="24" covered="0"/><counter type="BRANCH" missed="4" covered="0"/><counter type="LINE" missed="5" covered="0"/><counter type="COMPLEXITY" missed="3" covered="0"/><counter type="METHOD" missed="1" covered="0"/></method><method name="requirePositiveSpeed" desc="(DLjava/lang/String;)D" line="94"><counter type="INSTRUCTION" missed="24" covered="0"/><counter type="BRANCH" missed="4" covered="0"/><counter type="LINE" missed="5" covered="0"/><counter type="COMPLEXITY" missed="3" covered="0"/><counter type="METHOD" missed="1" covered="0"/></method><method name="requireAlpha" desc="(ILjava/lang/String;)I" line="106"><counter type="INSTRUCTION" missed="14" covered="0"/><counter type="BRANCH" missed="4" covered="0"/><counter type="LINE" missed="3" covered="0"/><counter type="COMPLEXITY" missed="3" covered="0"/><counter type="METHOD" missed="1" covered="0"/></method><method name="warnNoParent" desc="(Ljavafx/scene/Node;Ljava/lang/String;)V" line="115"><counter type="INSTRUCTION" missed="4" covered="4"/><counter type="BRANCH" missed="1" covered="1"/><counter type="LINE" missed="1" covered="2"/><counter type="COMPLEXITY" missed="1" covered="1"/><counter type="METHOD" missed="0" covered="1"/></method><method name="warnBrightnessRange" desc="(DLjava/lang/String;)V" line="127"><counter type="INSTRUCTION" missed="31" covered="0"/><counter type="BRANCH" missed="4" covered="0"/><counter type="LINE" missed="7" covered="0"/><counter type="COMPLEXITY" missed="3" covered="0"/><counter type="METHOD" missed="1" covered="0"/></method><method name="warnNoImage" desc="(Ljavafx/scene/image/ImageView;Ljava/lang/String;)V" line="140"><counter type="INSTRUCTION" missed="8" covered="0"/><counter type="BRANCH" missed="2" covered="0"/><counter type="LINE" missed="3" covered="0"/><counter type="COMPLEXITY" missed="2" covered="0"/><counter type="METHOD" missed="1" covered="0"/></method><method name="warnLikelyTypo" desc="(Ljava/lang/String;Ljava/lang/String;)V" line="150"><counter type="INSTRUCTION" missed="15" covered="0"/><counter type="LINE" missed="3" covered="0"/><counter type="COMPLEXITY" missed="1" covered="0"/><counter type="METHOD" missed="1" covered="0"/></method><method name="warnAnimationOverride" desc="(Ljavafx/scene/Node;Ljava/lang/String;Ljava/lang/String;)V" line="158"><counter type="INSTRUCTION" missed="23" covered="0"/><counter type="BRANCH" missed="2" covered="0"/><counter type="LINE" missed="4" covered="0"/><counter type="COMPLEXITY" missed="2" covered="0"/><counter type="METHOD" missed="1" covered="0"/></method><method name="&lt;clinit&gt;" desc="()V" line="14"><counter type="INSTRUCTION" missed="0" covered="5"/><counter type="LINE" missed="0" covered="1"/><counter type="COMPLEXITY" missed="0" covered="1"/><counter type="METHOD" missed="0" covered="1"/></method><counter type="INSTRUCTION" missed="163" covered="89"/><counter type="BRANCH" missed="24" covered="14"/><counter type="LINE" missed="34" covered="22"/><counter type="COMPLEXITY" missed="22" covered="13"/><counter type="METHOD" missed="8" covered="8"/><counter type="CLASS" missed="0" covered="1"/></class><class name="io/github/yasmramos/tailwindfx/core/StyleResolver" sourcefilename="StyleResolver.java"><method name="&lt;init&gt;" desc="(Lio/github/yasmramos/tailwindfx/theme/ThemeConfig;)V" line="21"><counter type="INSTRUCTION" missed="0" covered="12"/><counter type="LINE" missed="0" covered="4"/><counter type="COMPLEXITY" missed="0" covered="1"/><counter type="METHOD" missed="0" covered="1"/></method><method name="resolve" desc="(Lio/github/yasmramos/tailwindfx/style/StyleToken;)Ljava/lang/String;" line="32"><counter type="INSTRUCTION" missed="1" covered="31"/><counter type="BRANCH" missed="1" covered="8"/><counter type="LINE" missed="1" covered="7"/><counter type="COMPLEXITY" missed="1" covered="6"/><counter type="METHOD" missed="0" covered="1"/></method><method name="resolveScale" desc="(Lio/github/yasmramos/tailwindfx/style/StyleToken;)Ljava/lang/String;" line="46"><counter type="INSTRUCTION" missed="0" covered="25"/><counter type="BRANCH" missed="1" covered="3"/><counter type="LINE" missed="0" covered="5"/><counter type="COMPLEXITY" missed="1" covered="2"/><counter type="METHOD" missed="0" covered="1"/></method><method name="resolveColor" desc="(Lio/github/yasmramos/tailwindfx/style/StyleToken;)Ljava/lang/String;" line="58"><counter type="INSTRUCTION" missed="4" covered="104"/><counter type="BRANCH" missed="5" covered="9"/><counter type="LINE" missed="2" covered="14"/><counter type="COMPLEXITY" missed="5" covered="3"/><counter type="METHOD" missed="0" covered="1"/></method><method name="resolveArbitrary" desc="(Lio/github/yasmramos/tailwindfx/style/StyleToken;)Ljava/lang/String;" line="90"><counter type="INSTRUCTION" missed="0" covered="3"/><counter type="LINE" missed="0" covered="1"/><counter type="COMPLEXITY" missed="0" covered="1"/><counter type="METHOD" missed="0" covered="1"/></me
[...]
i="3" ci="0" mb="0" cb="0"/><line nr="740" mi="2" ci="0" mb="0" cb="0"/><line nr="748" mi="15" ci="0" mb="2" cb="0"/><line nr="749" mi="6" ci="0" mb="2" cb="0"/><line nr="750" mi="6" ci="0" mb="2" cb="0"/><line nr="751" mi="6" ci="0" mb="2" cb="0"/><line nr="752" mi="6" ci="0" mb="2" cb="0"/><line nr="753" mi="3" ci="0" mb="0" cb="0"/><line nr="754" mi="1" ci="0" mb="0" cb="0"/><line nr="758" mi="8" ci="0" mb="0" cb="0"/><line nr="759" mi="8" ci="0" mb="4" cb="0"/><line nr="760" mi="9" ci="0" mb="0" cb="0"/><line nr="762" mi="1" ci="0" mb="0" cb="0"/><line nr="792" mi="5" ci="0" mb="0" cb="0"/><line nr="793" mi="5" ci="0" mb="0" cb="0"/><line nr="794" mi="4" ci="0" mb="0" cb="0"/><line nr="795" mi="4" ci="0" mb="0" cb="0"/><line nr="796" mi="3" ci="0" mb="0" cb="0"/><line nr="797" mi="3" ci="0" mb="0" cb="0"/><line nr="798" mi="3" ci="0" mb="0" cb="0"/><line nr="799" mi="3" ci="0" mb="0" cb="0"/><line nr="800" mi="3" ci="0" mb="0" cb="0"/><line nr="801" mi="1" ci="0" mb="0" cb="0"/><line nr="805" mi="6" ci="0" mb="0" cb="0"/><line nr="806" mi="1" ci="0" mb="0" cb="0"/><line nr="810" mi="6" ci="0" mb="0" cb="0"/><line nr="811" mi="1" ci="0" mb="0" cb="0"/><line nr="815" mi="6" ci="0" mb="0" cb="0"/><line nr="816" mi="1" ci="0" mb="0" cb="0"/><line nr="820" mi="6" ci="0" mb="0" cb="0"/><line nr="821" mi="1" ci="0" mb="0" cb="0"/><line nr="834" mi="6" ci="0" mb="0" cb="0"/><line nr="835" mi="1" ci="0" mb="0" cb="0"/><line nr="839" mi="5" ci="0" mb="0" cb="0"/><line nr="840" mi="7" ci="0" mb="2" cb="0"/><line nr="841" mi="1" ci="0" mb="0" cb="0"/><line nr="866" mi="5" ci="0" mb="0" cb="0"/><line nr="867" mi="5" ci="0" mb="0" cb="0"/><line nr="868" mi="6" ci="0" mb="0" cb="0"/><line nr="869" mi="3" ci="0" mb="0" cb="0"/><line nr="870" mi="3" ci="0" mb="0" cb="0"/><line nr="871" mi="8" ci="0" mb="0" cb="0"/><line nr="872" mi="10" ci="0" mb="0" cb="0"/><line nr="875" mi="3" ci="0" mb="0" cb="0"/><line nr="876" mi="1" ci="0" mb="0" cb="0"/><line nr="880" mi="7" ci="0" mb="0" cb="0"/><line nr="881" mi="1" ci="0" mb="0" cb="0"/><line nr="884" mi="7" ci="0" mb="0" cb="0"/><line nr="885" mi="1" ci="0" mb="0" cb="0"/><line nr="888" mi="7" ci="0" mb="0" cb="0"/><line nr="889" mi="1" ci="0" mb="0" cb="0"/><line nr="892" mi="7" ci="0" mb="0" cb="0"/><line nr="893" mi="1" ci="0" mb="0" cb="0"/><line nr="896" mi="7" ci="0" mb="0" cb="0"/><line nr="897" mi="1" ci="0" mb="0" cb="0"/><line nr="901" mi="3" ci="0" mb="0" cb="0"/><line nr="902" mi="1" ci="0" mb="0" cb="0"/><line nr="917" mi="5" ci="0" mb="0" cb="0"/><line nr="918" mi="6" ci="0" mb="0" cb="0"/><line nr="919" mi="5" ci="0" mb="0" cb="0"/><line nr="920" mi="5" ci="0" mb="0" cb="0"/><line nr="921" mi="3" ci="0" mb="0" cb="0"/><line nr="922" mi="2" ci="0" mb="0" cb="0"/><line nr="934" mi="6" ci="0" mb="0" cb="0"/><line nr="951" mi="5" ci="0" mb="0" cb="0"/><line nr="952" mi="4" ci="0" mb="0" cb="0"/><line nr="954" mi="4" ci="0" mb="0" cb="0"/><line nr="955" mi="1" ci="0" mb="0" cb="0"/><line nr="957" mi="8" ci="0" mb="0" cb="0"/><line nr="958" mi="6" ci="0" mb="0" cb="0"/><line nr="959" mi="6" ci="0" mb="0" cb="0"/><line nr="960" mi="3" ci="0" mb="0" cb="0"/><line nr="961" mi="1" ci="0" mb="0" cb="0"/><line nr="962" mi="3" ci="0" mb="0" cb="0"/><line nr="963" mi="1" ci="0" mb="0" cb="0"/><line nr="977" mi="5" ci="0" mb="0" cb="0"/><line nr="978" mi="4" ci="0" mb="0" cb="0"/><line nr="979" mi="5" ci="0" mb="0" cb="0"/><line nr="980" mi="5" ci="0" mb="0" cb="0"/><line nr="981" mi="4" ci="0" mb="0" cb="0"/><line nr="982" mi="1" ci="0" mb="0" cb="0"/><line nr="984" mi="4" ci="0" mb="0" cb="0"/><line nr="985" mi="4" ci="0" mb="0" cb="0"/><line nr="986" mi="1" ci="0" mb="0" cb="0"/><line nr="987" mi="3" ci="0" mb="0" cb="0"/><line nr="988" mi="1" ci="0" mb="0" cb="0"/><line nr="998" mi="5" ci="0" mb="0" cb="0"/><line nr="999" mi="5" ci="0" mb="0" cb="0"/><line nr="1000" mi="3" ci="0" mb="0" cb="0"/><line nr="1001" mi="1" ci="0" mb="0" cb="0"/><line nr="1005" mi="5" ci="0" mb="0" cb="0"/><line nr="1006" mi="3" ci="0" mb="0" cb="0"/><line nr="1007" mi="1" ci="0" mb="0" cb="0"/><line nr="1026" mi="5" ci="0" mb="0" cb="0"/><line nr="1027" mi="5" ci="0" mb="0" cb="0"/><line nr="1028" mi="1" ci="0" mb="0" cb="0"/><line nr="1031" mi="3" ci="0" mb="0" cb="0"/><line nr="1032" mi="3" ci="0" mb="0" cb="0"/><line nr="1033" mi="3" ci="0" mb="0" cb="0"/><line nr="1034" mi="1" ci="0" mb="0" cb="0"/><line nr="1043" mi="5" ci="0" mb="0" cb="0"/><line nr="1044" mi="5" ci="0" mb="0" cb="0"/><line nr="1045" mi="4" ci="0" mb="0" cb="0"/><line nr="1046" mi="1" ci="0" mb="0" cb="0"/><line nr="1050" mi="5" ci="0" mb="0" cb="0"/><line nr="1051" mi="5" ci="0" mb="0" cb="0"/><line nr="1052" mi="4" ci="0" mb="0" cb="0"/><line nr="1053" mi="8" ci="0" mb="2" cb="0"/><line nr="1054" mi="1" ci="0" mb="0" cb="0"/><line nr="1058" mi="5" ci="0" mb="0" cb="0"/><line nr="1059" mi="3" ci="0" mb="0" cb="0"/><line nr="1060" mi="1" ci="0" mb="0" cb="0"/><line nr="1071" mi="5" ci="0" mb="0" cb="0"/><line nr="1072" mi="6" ci="0" mb="0" cb="0"/><line nr="1074" mi="3" ci="0" mb="0" cb="0"/><line nr="1075" mi="2" ci="0" mb="0" cb="0"/><line nr="1077" mi="6" ci="0" mb="2" cb="0"/><line nr="1079" mi="2" ci="0" mb="0" cb="0"/><line nr="1080" mi="5" ci="0" mb="2" cb="0"/><line nr="1081" mi="9" ci="0" mb="2" cb="0"/><line nr="1082" mi="1" ci="0" mb="0" cb="0"/><line nr="1091" mi="5" ci="0" mb="0" cb="0"/><line nr="1092" mi="6" ci="0" mb="0" cb="0"/><line nr="1094" mi="3" ci="0" mb="0" cb="0"/><line nr="1095" mi="2" ci="0" mb="0" cb="0"/><line nr="1097" mi="6" ci="0" mb="2" cb="0"/><line nr="1099" mi="2" ci="0" mb="0" cb="0"/><line nr="1100" mi="5" ci="0" mb="2" cb="0"/><line nr="1101" mi="9" ci="0" mb="2" cb="0"/><line nr="1102" mi="1" ci="0" mb="0" cb="0"/><line nr="1112" mi="5" ci="0" mb="0" cb="0"/><line nr="1113" mi="3" ci="0" mb="0" cb="0"/><line nr="1114" mi="1" ci="0" mb="0" cb="0"/><line nr="1127" mi="5" ci="0" mb="0" cb="0"/><line nr="1128" mi="4" ci="0" mb="2" cb="0"/><line nr="1129" mi="5" ci="0" mb="0" cb="0"/><line nr="1130" mi="4" ci="0" mb="0" cb="0"/><line nr="1131" mi="9" ci="0" mb="0" cb="0"/><line nr="1132" mi="4" ci="0" mb="0" cb="0"/><line nr="1133" mi="1" ci="0" mb="0" cb="0"/><line nr="1137" mi="5" ci="0" mb="0" cb="0"/><line nr="1138" mi="3" ci="0" mb="0" cb="0"/><line nr="1139" mi="2" ci="0" mb="0" cb="0"/><line nr="1141" mi="6" ci="0" mb="2" cb="0"/><line nr="1143" mi="2" ci="0" mb="0" cb="0"/><line nr="1144" mi="5" ci="0" mb="2" cb="0"/><line nr="1145" mi="3" ci="0" mb="0" cb="0"/><line nr="1146" mi="1" ci="0" mb="0" cb="0"/><line nr="1171" mi="5" ci="0" mb="0" cb="0"/><line nr="1172" mi="1" ci="0" mb="0" cb="0"/><line nr="1181" mi="10" ci="0" mb="2" cb="0"/><line nr="1195" mi="5" ci="0" mb="0" cb="0"/><line nr="1196" mi="2" ci="0" mb="2" cb="0"/><line nr="1197" mi="3" ci="0" mb="0" cb="0"/><line nr="1200" mi="4" ci="0" mb="0" cb="0"/><line nr="1202" mi="1" ci="0" mb="0" cb="0"/><line nr="1220" mi="5" ci="0" mb="0" cb="0"/><line nr="1221" mi="3" ci="0" mb="0" cb="0"/><line nr="1222" mi="2" ci="0" mb="0" cb="0"/><line nr="1228" mi="8" ci="0" mb="0" cb="0"/><line nr="1229" mi="1" ci="0" mb="0" cb="0"/><line nr="1233" mi="5" ci="0" mb="0" cb="0"/><line nr="1234" mi="3" ci="0" mb="0" cb="0"/><line nr="1235" mi="2" ci="0" mb="0" cb="0"/><line nr="1241" mi="8" ci="0" mb="0" cb="0"/><line nr="1242" mi="1" ci="0" mb="0" cb="0"/><line nr="1253" mi="5" ci="0" mb="0" cb="0"/><line nr="1254" mi="3" ci="0" mb="0" cb="0"/><line nr="1255" mi="2" ci="0" mb="0" cb="0"/><line nr="1256" mi="6" ci="0" mb="0" cb="0"/><line nr="1259" mi="6" ci="0" mb="0" cb="0"/><line nr="1264" mi="1" ci="0" mb="0" cb="0"/><line nr="1268" mi="5" ci="0" mb="0" cb="0"/><line nr="1269" mi="3" ci="0" mb="0" cb="0"/><line nr="1270" mi="2" ci="0" mb="0" cb="0"/><line nr="1271" mi="6" ci="0" mb="0" cb="0"/><line nr="1274" mi="6" ci="0" mb="0" cb="0"/><line nr="1279" mi="1" ci="0" mb="0" cb="0"/><line nr="1286" mi="3" ci="0" mb="0" cb="0"/><line nr="1287" mi="2" ci="0" mb="0" cb="0"/><line nr="1292" mi="3" ci="0" mb="0" cb="0"/><line nr="1293" mi="2" ci="0" mb="0" cb="0"/><line nr="1298" mi="3" ci="0" mb="2" cb="0"/><line nr="1299" mi="4" ci="0" mb="0" cb="0"/><line nr="1301" mi="3" ci="0" mb="0" cb="0"/><line nr="1302" mi="1" ci="0" mb="0" cb="0"/><line nr="1304" mi="2" ci="0" mb="0" cb="0"/><line nr="1309" mi="3" ci="0" mb="0" cb="0"/><line nr="1310" mi="2" ci="0" mb="0" cb="0"/><line nr="1318" mi="5" ci="0" mb="0" cb="0"/><line nr="1319" mi="2" ci="0" mb="0" cb="0"/><line nr="1325" mi="6" ci="0" mb="0" cb="0"/><line nr="1326" mi="3" ci="0" mb="2" cb="0"/><line nr="1327" mi="8" ci="0" mb="0" cb="0"/><line nr="1328" mi="8" ci="0" mb="0" cb="0"/><line nr="1329" mi="8" ci="0" mb="0" cb="0"/><line nr="1331" mi="2" ci="0" mb="0" cb="0"/><line nr="1337" mi="6" ci="0" mb="0" cb="0"/><line nr="1338" mi="3" ci="0" mb="2" cb="0"/><line nr="1339" mi="4" ci="0" mb="0" cb="0"/><line nr="1340" mi="1" ci="0" mb="0" cb="0"/><line nr="1343" mi="8" ci="0" mb="2" cb="0"/><line nr="1344" mi="2" ci="0" mb="0" cb="0"/><line nr="1346" mi="1" ci="0" mb="0" cb="0"/><line nr="1348" mi="2" ci="0" mb="0" cb="0"/><line nr="1354" mi="6" ci="0" mb="0" cb="0"/><line nr="1355" mi="3" ci="0" mb="2" cb="0"/><line nr="1356" mi="4" ci="0" mb="0" cb="0"/><line nr="1357" mi="1" ci="0" mb="0" cb="0"/><line nr="1360" mi="8" ci="0" mb="2" cb="0"/><line nr="1361" mi="2" ci="0" mb="0" cb="0"/><line nr="1363" mi="1" ci="0" mb="0" cb="0"/><line nr="1365" mi="2" ci="0" mb="0" cb="0"/><line nr="1370" mi="6" ci="0" mb="0" cb="0"/><line nr="1371" mi="2" ci="0" mb="0" cb="0"/><line nr="1377" mi="6" ci="0" mb="0" cb="0"/><line nr="1378" mi="3" ci="0" mb="2" cb="0"/><line nr="1379" mi="8" ci="0" mb="0" cb="0"/><line nr="1381" mi="2" ci="0" mb="0" cb="0"/><line nr="1389" mi="6" ci="0" mb="0" cb="0"/><line nr="1390" mi="2" ci="0" mb="0" cb="0"/><line nr="1395" mi="6" ci="0" mb="0" cb="0"/><line nr="1396" mi="2" ci="0" mb="0" cb="0"/><line nr="1401" mi="6" ci="0" mb="0" cb="0"/><line nr="1402" mi="2" ci="0" mb="0" cb="0"/><line nr="1407" mi="6" ci="0" mb="0" cb="0"/><line nr="1408" mi="2" ci="0" mb="0" cb="0"/><line nr="1413" mi="6" ci="0" mb="0" cb="0"/><line nr="1414" mi="2" ci="0" mb="0" cb="0"/><line nr="1419" mi="6" ci="0" mb="0" cb="0"/><line nr="1420" mi="2" ci="0" mb="0" cb="0"/><line nr="1425" mi="6" ci="0" mb="0" cb="0"/><line nr="1426" mi="2" ci="0" mb="0" cb="0"/><line nr="1431" mi="6" ci="0" mb="0" cb="0"/><line nr="1432" mi="2" ci="0" mb="0" cb="0"/><line nr="1437" mi="6" ci="0" mb="0" cb="0"/><line nr="1438" mi="2" ci="0" mb="0" cb="0"/><line nr="1446" mi="4" ci="0" mb="0" cb="0"/><line nr="1451" mi="4" ci="0" mb="0" cb="0"/><line nr="1456" mi="4" ci="0" mb="0" cb="0"/><line nr="1461" mi="4" ci="0" mb="0" cb="0"/><line nr="1466" mi="4" ci="0" mb="0" cb="0"/><line nr="1471" mi="4" ci="0" mb="0" cb="0"/><line nr="1476" mi="4" ci="0" mb="0" cb="0"/><line nr="1481" mi="4" ci="0" mb="0" cb="0"/><line nr="1486" mi="4" ci="0" mb="0" cb="0"/><line nr="1491" mi="4" ci="0" mb="0" cb="0"/><line nr="1496" mi="4" ci="0" mb="0" cb="0"/><line nr="1501" mi="4" ci="0" mb="0" cb="0"/><line nr="1506" mi="4" ci="0" mb="0" cb="0"/><line nr="1510" mi="2" ci="0" mb="2" cb="0"/><line nr="1511" mi="7" ci="0" mb="0" cb="0"/><line nr="1513" mi="7" ci="0" mb="0" cb="0"/><line nr="1514" mi="6" ci="0" mb="0" cb="0"/><line nr="1516" mi="2" ci="0" mb="0" cb="0"/><line nr="1524" mi="0" ci="5" mb="2" cb="2"/><line nr="1525" mi="2" ci="0" mb="0" cb="0"/><line nr="1529" mi="0" ci="4" mb="0" cb="0"/><line nr="1530" mi="0" ci="4" mb="0" cb="0"/><line nr="1531" mi="0" ci="4" mb="0" cb="0"/><line nr="1532" mi="0" ci="4" mb="0" cb="0"/><line nr="1533" mi="0" ci="4" mb="0" cb="0"/><line nr="1534" mi="0" ci="4" mb="0" cb="0"/><line nr="1535" mi="0" ci="4" mb="0" cb="0"/><line nr="1536" mi="0" ci="4" mb="0" cb="0"/><line nr="1537" mi="0" ci="4" mb="0" cb="0"/><line nr="1538" mi="0" ci="4" mb="0" cb="0"/><line nr="1539" mi="0" ci="4" mb="0" cb="0"/><line nr="1541" mi="0" ci="10" mb="0" cb="2"/><line nr="1542" mi="0" ci="9" mb="0" cb="4"/><line nr="1543" mi="0" ci="2" mb="0" cb="0"/><line nr="1545" mi="0" ci="1" mb="0" cb="0"/><line nr="1548" mi="0" ci="6" mb="1" cb="1"/><line nr="1549" mi="0" ci="4" mb="1" cb="1"/><line nr="1550" mi="0" ci="4" mb="1" cb="1"/><line nr="1551" mi="0" ci="2" mb="1" cb="1"/><line nr="1552" mi="2" ci="0" mb="0" cb="0"/><line nr="1558" mi="0" ci="5" mb="0" cb="0"/><line nr="1559" mi="0" ci="5" mb="0" cb="0"/><line nr="1560" mi="0" ci="5" mb="0" cb="0"/><line nr="1561" mi="0" ci="5" mb="0" cb="0"/><line nr="1562" mi="0" ci="5" mb="0" cb="0"/><line nr="1563" mi="0" ci="5" mb="0" cb="0"/><line nr="1564" mi="0" ci="5" mb="0" cb="0"/><line nr="1565" mi="0" ci="5" mb="0" cb="0"/><line nr="1566" mi="0" ci="5" mb="0" cb="0"/><line nr="1567" mi="0" ci="5" mb="0" cb="0"/><line nr="1568" mi="0" ci="5" mb="0" cb="0"/><line nr="1569" mi="0" ci="5" mb="0" cb="0"/><line nr="1570" mi="0" ci="5" mb="0" cb="0"/><line nr="1571" mi="0" ci="5" mb="0" cb="0"/><line nr="1572" mi="0" ci="5" mb="0" cb="0"/><line nr="1573" mi="0" ci="5" mb="0" cb="0"/><line nr="1574" mi="0" ci="5" mb="0" cb="0"/><line nr="1575" mi="0" ci="5" mb="0" cb="0"/><line nr="1576" mi="0" ci="5" mb="0" cb="0"/><line nr="1577" mi="0" ci="5" mb="0" cb="0"/><line nr="1578" mi="0" ci="5" mb="0" cb="0"/><line nr="1579" mi="0" ci="5" mb="0" cb="0"/><line nr="1580" mi="0" ci="5" mb="0" cb="0"/><line nr="1581" mi="0" ci="5" mb="0" cb="0"/><line nr="1582" mi="0" ci="5" mb="0" cb="0"/><line nr="1583" mi="0" ci="3" mb="0" cb="0"/><line nr="1586" mi="0" ci="16" mb="0" cb="2"/><line nr="1587" mi="0" ci="5" mb="0" cb="2"/><line nr="1588" mi="0" ci="2" mb="0" cb="0"/><line nr="1592" mi="0" ci="2" mb="0" cb="0"/><counter type="INSTRUCTION" missed="1810" covered="389"/><counter type="BRANCH" missed="100" covered="16"/><counter type="LINE" missed="446" covered="90"/><counter type="COMPLEXITY" missed="213" covered="14"/><counter type="METHOD" missed="160" covered="9"/><counter type="CLASS" missed="0" covered="1"/></sourcefile><sourcefile name="StylePerf.java"><line nr="80" mi="0" ci="4" mb="0" cb="0"/><line nr="81" mi="0" ci="7" mb="0" cb="4"/><line nr="83" mi="0" ci="3" mb="0" cb="0"/><line nr="84" mi="0" ci="5" mb="0" cb="0"/><line nr="85" mi="0" ci="10" mb="0" cb="4"/><line nr="86" mi="0" ci="2" mb="0" cb="0"/><line nr="87" mi="0" ci="2" mb="0" cb="0"/><line nr="90" mi="0" ci="7" mb="0" cb="0"/><line nr="91" mi="0" ci="3" mb="0" cb="0"/><line nr="92" mi="0" ci="4" mb="0" cb="0"/><line nr="93" mi="0" ci="2" mb="0" cb="0"/><line nr="103" mi="0" ci="4" mb="0" cb="0"/><line nr="104" mi="0" ci="5" mb="0" cb="0"/><line nr="105" mi="0" ci="1" mb="0" cb="0"/><line nr="115" mi="0" ci="4" mb="0" cb="0"/><line nr="116" mi="0" ci="5" mb="0" cb="0"/><line nr="117" mi="0" ci="10" mb="0" cb="2"/><line nr="126" mi="0" ci="2" mb="0" cb="0"/><line nr="132" mi="0" ci="4" mb="0" cb="0"/><line nr="156" mi="0" ci="5" mb="0" cb="0"/><line nr="157" mi="0" ci="2" mb="0" cb="2"/><line nr="158" mi="0" ci="5" mb="0" cb="0"/><line nr="161" mi="0" ci="2" mb="0" cb="2"/><line nr="163" mi="0" ci="2" mb="0" cb="0"/><line nr="164" mi="0" ci="1" mb="0" cb="0"/><line nr="166" mi="0" ci="2" mb="0" cb="0"/><line nr="167" mi="0" ci="2" mb="0" cb="0"/><line nr="169" mi="0" ci="2" mb="0" cb="0"/><line nr="171" mi="0" ci="1" mb="0" cb="0"/><line nr="172" mi="0" ci="2" mb="0" cb="0"/><line nr="174" mi="0" ci="1" mb="0" cb="0"/><line nr="181" mi="0" ci="2" mb="0" cb="0"/><line nr="190" mi="0" ci="3" mb="0" cb="0"/><line nr="194" mi="0" ci="4" mb="0" cb="0"/><line nr="195" mi="0" ci="1" mb="0" cb="0"/><line nr="199" mi="0" ci="2" mb="0" cb="0"/><line nr="210" mi="0" ci="13" mb="0" cb="0"/><line nr="211" mi="0" ci="1" mb="0" cb="0"/><line nr="214" mi="0" ci="4" mb="0" cb="2"/><line nr="215" mi="0" ci="2" mb="0" cb="0"/><line nr="216" mi="0" ci="10" mb="0" cb="2"/><line nr="217" mi="0" ci="5" mb="0" cb="0"/><line nr="218" mi="0" ci="5" mb="0" cb="0"/><line nr="219" mi="0" ci="3" mb="0" cb="0"/><line nr="220" mi="0" ci="5" mb="0" cb="0"/><line nr="221" mi="0" ci="1" mb="0" cb="0"/><line nr="222" mi="0" ci="3" mb="0" cb="0"/><line nr="223" mi="0" ci="2" mb="0" cb="0"/><line nr="224" mi="0" ci="1" mb="0" cb="0"/><line nr="245" mi="0" ci="5" mb="0" cb="0"/><line nr="246" mi="0" ci="6" mb="0" cb="0"/><line nr="247" mi="0" ci="1" mb="0" cb="0"/><line nr="275" mi="0" ci="5" mb="0" cb="0"/><line nr="276" mi="0" ci="2" mb="0" cb="2"/><line nr="277" mi="0" ci="6" mb="0" cb="0"/><line nr="278" mi="0" ci="2" mb="0" cb="0"/><line nr="279" mi="0" ci="10" mb="0" cb="2"/><line nr="280" mi="0" ci="7" mb="0" cb="0"/><line nr="287" mi="0" ci="4" mb="0" cb="0"/><line nr="289" mi="0" ci="4" mb="0" cb="2"/><line nr="290" mi="0" ci="2" mb="0" cb="0"/><line nr="292" mi="0" ci="2" mb="0" cb="0"/><line nr="293" mi="0" ci="16" mb="0" cb="2"/><line nr="294" mi="0" ci="9" mb="1" cb="1"/><line nr="296" mi="0" ci="2" mb="0" cb="0"/><counter type="INSTRUCTION" missed="0" covered="261"/><counter type="BRANCH" missed="1" covered="27"/><counter type="LINE" missed="0" covered="65"/><counter type="COMPLEXITY" missed="1" covered="27"/><counter type="METHOD" missed="0" covered="14"/><counter type="CLASS" missed="0" covered="1"/></sourcefile><sourcefile name="StyleMerger.java"><line nr="27" mi="0" ci="4" mb="0" cb="0"/><line nr="36" mi="0" ci="3" mb="0" cb="0"/><line nr="39" mi="0" ci="3" mb="0" cb="2"/><line nr="40" mi="0" ci="6" mb="0" cb="0"/><line nr="41" mi="0" ci="3" mb="0" cb="0"/><line nr="45" mi="0" ci="11" mb="0" cb="2"/><line nr="46" mi="0" ci="5" mb="1" cb="1"/><line nr="47" mi="0" ci="5" mb="0" cb="0"/><line nr="49" mi="0" ci="1" mb="0" cb="0"/><line nr="50" mi="0" ci="1" mb="0" cb="0"/><line nr="57" mi="3" ci="0" mb="0" cb="0"/><line nr="59" mi="3" ci="0" mb="2" cb="0"/><line nr="60" mi="6" ci="0" mb="0" cb="0"/><line nr="61" mi="3" ci="0" mb="0" cb="0"/><line nr="64" mi="11" ci="0" mb="2" cb="0"/><line nr="65" mi="5" ci="0" mb="0" cb="0"/><line nr="66" mi="1" ci="0" mb="0" cb="0"/><line nr="67" mi="1" ci="0" mb="0" cb="0"/><line nr="71" mi="3" ci="0" mb="0" cb="0"/><line nr="72" mi="12" ci="0" mb="2" cb="0"/><line nr="73" mi="3" ci="0" mb="0" cb="0"/><line nr="74" mi="1" ci="0" mb="0" cb="0"/><line nr="85" mi="0" ci="3" mb="0" cb="0"/><line nr="86" mi="0" ci="4" mb="0" cb="0"/><line nr="87" mi="0" ci="3" mb="0" cb="0"/><line nr="92" mi="3" ci="0" mb="0" cb="0"/><line nr="93" mi="4" ci="0" mb="0" cb="0"/><line nr="94" mi="5" ci="0" mb="0" cb="0"/><line nr="95" mi="3" ci="0" mb="0" cb="0"/><line nr="101" mi="0" ci="4" mb="0" cb="0"/><line nr="102" mi="0" ci="5" mb="0" cb="4"/><line nr="103" mi="0" ci="2" mb="0" cb="0"/><line nr="106" mi="0" ci="4" mb="0" cb="0"/><line nr="107" mi="0" ci="3" mb="0" cb="2"/><line nr="108" mi="0" ci="12" mb="0" cb="0"/><line nr="110" mi="0" ci="2" mb="0" cb="0"/><line nr="115" mi="0" ci="3" mb="0" cb="2"/><line nr="116" mi="0" ci="2" mb="0" cb="0"/><line nr="118" mi="0" ci="4" mb="0" cb="0"/><line nr="120" mi="0" ci="18" mb="0" cb="0"/><line nr="121" mi="0" ci="4" mb="0" cb="0"/><counter type="INSTRUCTION" missed="67" covered="115"/><counter type="BRANCH" missed="7" covered="13"/><counter type="LINE" missed="16" covered="25"/><counter type="COMPLEXITY" missed="8" covered="12"/><counter type="METHOD" missed="4" covered="6"/><counter type="CLASS" missed="0" covered="1"/></sourcefile><counter type="INSTRUCTION" missed="1969" covered="1544"/><counter type="BRANCH" missed="122" covered="101"/><counter type="LINE" missed="469" covered="266"/><counter type="COMPLEXITY" missed="236" covered="91"/><counter type="METHOD" missed="167" covered="38"/><counter type="CLASS" missed="0" covered="5"/></package><counter type="INSTRUCTION" missed="17760" covered="18549"/><counter type="BRANCH" missed="1984" covered="1213"/><counter type="LINE" missed="3616" covered="3409"/><counter type="COMPLEXITY" missed="2002" covered="1105"/><counter type="METHOD" missed="727" covered="630"/><counter type="CLASS" missed="15" covered="75"/></report>